#
# An unexpected error has occurred (6)
#
Stack:
/lib/x86_64-linux-gnu/libc.so.6(+0x42520) [0x79f29de42520]
/lib/x86_64-linux-gnu/libc.so.6(pthread_kill+0x12c) [0x79f29de969fc]
/lib/x86_64-linux-gnu/libc.so.6(raise+0x16) [0x79f29de42476]
/lib/x86_64-linux-gnu/libc.so.6(abort+0xd3) [0x79f29de287f3]
/home/y4/P1/applications02/vivado/Vivado/2023.2/lib/lnx64.o/Default/libstdc++.so.6(+0x8ba13) [0x79f29e68ba13]
/home/y4/P1/applications02/vivado/Vivado/2023.2/lib/lnx64.o/Default/libstdc++.so.6(+0x91b86) [0x79f29e691b86]
/home/y4/P1/applications02/vivado/Vivado/2023.2/lib/lnx64.o/Default/libstdc++.so.6(+0x91bc1) [0x79f29e691bc1]
/home/y4/P1/applications02/vivado/Vivado/2023.2/lib/lnx64.o/Default/libstdc++.so.6(+0x928ff) [0x79f29e6928ff]
/home/y4/P1/applications02/vivado/Vivado/2023.2/lib/lnx64.o/librdi_wavedata.so(+0x359cce) [0x79f26f159cce]
/home/y4/P1/applications02/vivado/Vivado/2023.2/lib/lnx64.o/librdi_wavedata.so(SG_Model::WaveformRender::render(SG_Model::WVDataObject const&)+0x84) [0x79f26f164b34]
/home/y4/P1/applications02/vivado/Vivado/2023.2/lib/lnx64.o/librdi_wavedata.so(WaveViewer::WVWaveformPanel::WaveformTraverser::drawWaveform(SG_Model::WVDataObject const*, int, int)+0x38e) [0x79f26f1dfc7e]
/home/y4/P1/applications02/vivado/Vivado/2023.2/lib/lnx64.o/librdi_wavedata.so(WaveViewer::WVWaveformPanel::WaveformTraverser::handleItemSize(WaveViewer::WVTreeWVObjectModel::ITraverseHandler::TraverseItem const&)+0x52) [0x79f26f1dff52]
/home/y4/P1/applications02/vivado/Vivado/2023.2/lib/lnx64.o/librdi_wavedata.so(WaveViewer::WVTreeWVObjectModel::traverseYRange(SG_Model::WVDataObject const*, WaveViewer::WVTreeWVObjectModel::ITraverseHandler&, int, int, int&, int&) const+0x234) [0x79f26f1c3474]
/home/y4/P1/applications02/vivado/Vivado/2023.2/lib/lnx64.o/librdi_wavedata.so(WaveViewer::WVTreeWVObjectModel::traverseYRange(SG_Model::WVDataObject const*, WaveViewer::WVTreeWVObjectModel::ITraverseHandler&, int, int, int&, int&) const+0x2be) [0x79f26f1c34fe]
/home/y4/P1/applications02/vivado/Vivado/2023.2/lib/lnx64.o/librdi_wavedata.so(WaveViewer::WVTreeWVObjectModel::traverseYRange(WaveViewer::WVTreeWVObjectModel::ITraverseHandler&, int, int) const+0x57) [0x79f26f1c3637]
/home/y4/P1/applications02/vivado/Vivado/2023.2/lib/lnx64.o/librdi_wavedata.so(WaveViewer::WVWaveformPanel::getGraphics(HDGDStringStream&, long&)+0x3a9) [0x79f26f1df279]
/home/y4/P1/applications02/vivado/Vivado/2023.2/lib/lnx64.o/librdi_wavedata.so(WVExecutiveImp::getGraphicsDataSize()+0x9a) [0x79f26f19b13a]
/home/y4/P1/applications02/vivado/Vivado/2023.2/lib/lnx64.o/librdi_wavedata.so(WVExecutive::getGraphicsDataSize()+0xf) [0x79f26f19b5bf]
/home/y4/P1/applications02/vivado/Vivado/2023.2/lib/lnx64.o/librdi_wavedata.so(Java_ui_views_waveform_waveformi_WVExecutive_1getGraphicsDataSize+0x17) [0x79f26f1e7b97]
[0x79f25164205c]
