Copyright 1986-2022 Xilinx, Inc. All Rights Reserved. Copyright 2022-2024 Advanced Micro Devices, Inc. All Rights Reserved.
------------------------------------------------------------------------------------------------------------------------------------------------------------------------------------------------------
| Tool Version : Vivado v.2023.2.2 (lin64) Build 4126759 Thu Feb  8 23:52:05 MST 2024
| Date         : Sat Jun  1 23:39:42 2024
| Host         : BSERVER05 running 64-bit Linux Mint 21.3
| Command      : report_timing_summary -max_paths 10 -report_unconstrained -file ALU_timing_summary_routed.rpt -pb ALU_timing_summary_routed.pb -rpx ALU_timing_summary_routed.rpx -warn_on_violation
| Design       : ALU
| Device       : 7s25-csga225
| Speed File   : -1  PRODUCTION 1.23 2018-06-13
| Design State : Routed
------------------------------------------------------------------------------------------------------------------------------------------------------------------------------------------------------

Timing Summary Report

------------------------------------------------------------------------------------------------
| Timer Settings
| --------------
------------------------------------------------------------------------------------------------

  Enable Multi Corner Analysis               :  Yes
  Enable Pessimism Removal                   :  Yes
  Pessimism Removal Resolution               :  Nearest Common Node
  Enable Input Delay Default Clock           :  No
  Enable Preset / Clear Arcs                 :  No
  Disable Flight Delays                      :  No
  Ignore I/O Paths                           :  No
  Timing Early Launch at Borrowing Latches   :  No
  Borrow Time for Max Delay Exceptions       :  Yes
  Merge Timing Exceptions                    :  Yes
  Inter-SLR Compensation                     :  Conservative

  Corner  Analyze    Analyze    
  Name    Max Paths  Min Paths  
  ------  ---------  ---------  
  Slow    Yes        Yes        
  Fast    Yes        Yes        


------------------------------------------------------------------------------------------------
| Report Methodology
| ------------------
------------------------------------------------------------------------------------------------

No report available as report_methodology has not been run prior. Run report_methodology on the current design for the summary of methodology violations.



check_timing report

Table of Contents
-----------------
1. checking no_clock (0)
2. checking constant_clock (0)
3. checking pulse_width_clock (0)
4. checking unconstrained_internal_endpoints (0)
5. checking no_input_delay (0)
6. checking no_output_delay (0)
7. checking multiple_clock (0)
8. checking generated_clocks (0)
9. checking loops (0)
10. checking partial_input_delay (0)
11. checking partial_output_delay (0)
12. checking latch_loops (0)

1. checking no_clock (0)
------------------------
 There are 0 register/latch pins with no clock.


2. checking constant_clock (0)
------------------------------
 There are 0 register/latch pins with constant_clock.


3. checking pulse_width_clock (0)
---------------------------------
 There are 0 register/latch pins which need pulse_width check


4. checking unconstrained_internal_endpoints (0)
------------------------------------------------
 There are 0 pins that are not constrained for maximum delay.

 There are 0 pins that are not constrained for maximum delay due to constant clock.


5. checking no_input_delay (0)
------------------------------
 There are 0 input ports with no input delay specified.

 There are 0 input ports with no input delay but user has a false path constraint.


6. checking no_output_delay (0)
-------------------------------
 There are 0 ports with no output delay specified.

 There are 0 ports with no output delay but user has a false path constraint

 There are 0 ports with no output delay but with a timing clock defined on it or propagating through it


7. checking multiple_clock (0)
------------------------------
 There are 0 register/latch pins with multiple clocks.


8. checking generated_clocks (0)
--------------------------------
 There are 0 generated clocks that are not connected to a clock source.


9. checking loops (0)
---------------------
 There are 0 combinational loops in the design.


10. checking partial_input_delay (0)
------------------------------------
 There are 0 input ports with partial input delay specified.


11. checking partial_output_delay (0)
-------------------------------------
 There are 0 ports with partial output delay specified.


12. checking latch_loops (0)
----------------------------
 There are 0 combinational latch loops in the design through latch input



------------------------------------------------------------------------------------------------
| Design Timing Summary
| ---------------------
------------------------------------------------------------------------------------------------

    WNS(ns)      TNS(ns)  TNS Failing Endpoints  TNS Total Endpoints      WHS(ns)      THS(ns)  THS Failing Endpoints  THS Total Endpoints     WPWS(ns)     TPWS(ns)  TPWS Failing Endpoints  TPWS Total Endpoints  
    -------      -------  ---------------------  -------------------      -------      -------  ---------------------  -------------------     --------     --------  ----------------------  --------------------  
        inf        0.000                      0                   22          inf        0.000                      0                   22           NA           NA                      NA                    NA  


There are no user specified timing constraints.


------------------------------------------------------------------------------------------------
| Clock Summary
| -------------
------------------------------------------------------------------------------------------------


------------------------------------------------------------------------------------------------
| Intra Clock Table
| -----------------
------------------------------------------------------------------------------------------------

Clock             WNS(ns)      TNS(ns)  TNS Failing Endpoints  TNS Total Endpoints      WHS(ns)      THS(ns)  THS Failing Endpoints  THS Total Endpoints     WPWS(ns)     TPWS(ns)  TPWS Failing Endpoints  TPWS Total Endpoints  
-----             -------      -------  ---------------------  -------------------      -------      -------  ---------------------  -------------------     --------     --------  ----------------------  --------------------  


------------------------------------------------------------------------------------------------
| Inter Clock Table
| -----------------
------------------------------------------------------------------------------------------------

From Clock    To Clock          WNS(ns)      TNS(ns)  TNS Failing Endpoints  TNS Total Endpoints      WHS(ns)      THS(ns)  THS Failing Endpoints  THS Total Endpoints  
----------    --------          -------      -------  ---------------------  -------------------      -------      -------  ---------------------  -------------------  


------------------------------------------------------------------------------------------------
| Other Path Groups Table
| -----------------------
------------------------------------------------------------------------------------------------

Path Group    From Clock    To Clock          WNS(ns)      TNS(ns)  TNS Failing Endpoints  TNS Total Endpoints      WHS(ns)      THS(ns)  THS Failing Endpoints  THS Total Endpoints  
----------    ----------    --------          -------      -------  ---------------------  -------------------      -------      -------  ---------------------  -------------------  


------------------------------------------------------------------------------------------------
| User Ignored Path Table
| -----------------------
------------------------------------------------------------------------------------------------

Path Group    From Clock    To Clock    
----------    ----------    --------    


------------------------------------------------------------------------------------------------
| Unconstrained Path Table
| ------------------------
------------------------------------------------------------------------------------------------

Path Group    From Clock    To Clock    
----------    ----------    --------    
(none)                                    


------------------------------------------------------------------------------------------------
| Timing Details
| --------------
------------------------------------------------------------------------------------------------


--------------------------------------------------------------------------------------
Path Group:  (none)
From Clock:  
  To Clock:  

Max Delay            22 Endpoints
Min Delay            22 Endpoints
--------------------------------------------------------------------------------------


Max Delay Paths
--------------------------------------------------------------------------------------
Slack:                    inf
  Source:                 B[2][4]
                            (input port)
  Destination:            cmp_flags[1]
                            (output port)
  Path Group:             (none)
  Path Type:              Max at Slow Process Corner
  Data Path Delay:        26.985ns  (logic 10.505ns (38.931%)  route 16.479ns (61.069%))
  Logic Levels:           26  (CARRY4=9 IBUF=1 LUT1=1 LUT3=3 LUT4=4 LUT5=3 LUT6=4 OBUF=1)

    Location             Delay type                Incr(ns)  Path(ns)    Netlist Resource(s)
  -------------------------------------------------------------------    -------------------
    K15                                               0.000     0.000 r  B[2][4] (IN)
                         net (fo=0)                   0.000     0.000    B[2][4]
    K15                  IBUF (Prop_ibuf_I_O)         0.937     0.937 r  temp20__0_carry_i_11/O
                         net (fo=10, routed)          1.632     2.570    add/temp20__0_carry_i_7_1
    SLICE_X4Y35          LUT6 (Prop_lut6_I2_O)        0.124     2.694 r  add/temp20__0_carry__0_i_5/O
                         net (fo=5, routed)           0.877     3.570    negater/C[2]_carry__0_i_3_1
    SLICE_X3Y36          LUT6 (Prop_lut6_I5_O)        0.124     3.694 r  negater/temp20__0_carry_i_7/O
                         net (fo=12, routed)          0.439     4.133    negater/B[2][2]
    SLICE_X3Y35          LUT4 (Prop_lut4_I3_O)        0.124     4.257 r  negater/C[2]_carry_i_4__0/O
                         net (fo=1, routed)           0.000     4.257    negater/C[2]_carry_i_4__0_n_0
    SLICE_X3Y35          CARRY4 (Prop_carry4_S[2]_CO[3])
                                                      0.398     4.655 r  negater/C[2]_carry/CO[3]
                         net (fo=1, routed)           0.000     4.655    negater/C[2]_carry_n_0
    SLICE_X3Y36          CARRY4 (Prop_carry4_CI_O[0])
                                                      0.222     4.877 f  negater/C[2]_carry__0/O[0]
                         net (fo=4, routed)           0.849     5.726    negater/C[2]_carry__0_i_6[0]
    SLICE_X4Y36          LUT3 (Prop_lut3_I2_O)        0.327     6.053 r  negater/C[2]_carry__0_i_10/O
                         net (fo=1, routed)           0.822     6.876    add/C[2]_carry__0_i_1_3
    SLICE_X2Y36          LUT6 (Prop_lut6_I3_O)        0.326     7.202 r  add/C[2]_carry__0_i_7/O
                         net (fo=1, routed)           0.000     7.202    negater/C[2]_carry__0_4[1]
    SLICE_X2Y36          CARRY4 (Prop_carry4_S[1]_CO[3])
                                                      0.533     7.735 r  negater/C[2]_carry__0_i_1/CO[3]
                         net (fo=16, routed)          1.481     9.216    negater/p_0_in[7]
    SLICE_X1Y33          LUT3 (Prop_lut3_I1_O)        0.124     9.340 r  negater/temp20__0_carry_i_6__0/O
                         net (fo=1, routed)           0.000     9.340    add/S[0]
    SLICE_X1Y33          CARRY4 (Prop_carry4_S[0]_CO[3])
                                                      0.532     9.872 r  add/temp20__0_carry/CO[3]
                         net (fo=1, routed)           0.000     9.872    add/temp20__0_carry_n_0
    SLICE_X1Y34          CARRY4 (Prop_carry4_CI_CO[0])
                                                      0.271    10.143 r  add/temp20__0_carry__0/CO[0]
                         net (fo=5, routed)           1.085    11.228    negater/CO[0]
    SLICE_X5Y30          LUT4 (Prop_lut4_I2_O)        0.373    11.601 r  negater/temp2__0_carry_i_3/O
                         net (fo=2, routed)           0.887    12.487    negater/A[1][2][0]
    SLICE_X4Y30          LUT5 (Prop_lut5_I0_O)        0.124    12.611 r  negater/temp2__0_carry_i_6/O
                         net (fo=1, routed)           0.000    12.611    add/cmp_flags[1]_INST_0_i_8_1[1]
    SLICE_X4Y30          CARRY4 (Prop_carry4_S[1]_CO[3])
                                                      0.550    13.161 r  add/temp2__0_carry/CO[3]
                         net (fo=1, routed)           0.000    13.161    add/temp2__0_carry_n_0
    SLICE_X4Y31          CARRY4 (Prop_carry4_CI_O[1])
                                                      0.334    13.495 r  add/temp2__0_carry__0/O[1]
                         net (fo=5, routed)           0.981    14.476    negater/out[1][6]_0[3]
    SLICE_X2Y31          LUT5 (Prop_lut5_I4_O)        0.303    14.779 r  negater/out[1][6]_INST_0_i_2/O
                         net (fo=6, routed)           0.795    15.574    add/C[0]2
    SLICE_X1Y23          LUT4 (Prop_lut4_I0_O)        0.124    15.698 r  add/C[0]_carry_i_9/O
                         net (fo=1, routed)           0.000    15.698    negater/C[0]_carry_3[0]
    SLICE_X1Y23          CARRY4 (Prop_carry4_S[0]_O[1])
                                                      0.424    16.122 f  negater/C[0]_carry_i_1/O[1]
                         net (fo=2, routed)           0.854    16.976    negater/A[0][6][1]
    SLICE_X1Y25          LUT1 (Prop_lut1_I0_O)        0.303    17.279 r  negater/C[0]_carry_i_4/O
                         net (fo=1, routed)           0.000    17.279    add/cmp_flags[1]_INST_0_i_7_0[1]
    SLICE_X1Y25          CARRY4 (Prop_carry4_S[1]_O[3])
                                                      0.640    17.919 f  add/C[0]_carry/O[3]
                         net (fo=5, routed)           0.993    18.911    add/O[1]
    SLICE_X0Y27          LUT3 (Prop_lut3_I1_O)        0.306    19.217 r  add/out[0][5]_INST_0_i_2/O
                         net (fo=1, routed)           0.674    19.892    negater/out[0][5]
    SLICE_X0Y27          LUT6 (Prop_lut6_I1_O)        0.124    20.016 f  negater/out[0][5]_INST_0_i_1/O
                         net (fo=2, routed)           1.570    21.585    negater/out[0]_OBUF[1]
    SLICE_X0Y42          LUT4 (Prop_lut4_I0_O)        0.124    21.709 f  negater/cmp_flags[1]_INST_0_i_3/O
                         net (fo=1, routed)           0.162    21.871    add/cmp_flags[1]
    SLICE_X0Y42          LUT5 (Prop_lut5_I3_O)        0.124    21.995 r  add/cmp_flags[1]_INST_0_i_1/O
                         net (fo=1, routed)           2.380    24.375    add_n_25
    D13                  OBUF (Prop_obuf_I_O)         2.610    26.985 r  cmp_flags[1]_INST_0/O
                         net (fo=0)                   0.000    26.985    cmp_flags[1]
    D13                                                               r  cmp_flags[1] (OUT)
  -------------------------------------------------------------------    -------------------

Slack:                    inf
  Source:                 B[2][4]
                            (input port)
  Destination:            out[0][5]
                            (output port)
  Path Group:             (none)
  Path Type:              Max at Slow Process Corner
  Data Path Delay:        24.932ns  (logic 10.255ns (41.132%)  route 14.677ns (58.868%))
  Logic Levels:           24  (CARRY4=9 IBUF=1 LUT1=1 LUT3=3 LUT4=3 LUT5=2 LUT6=4 OBUF=1)

    Location             Delay type                Incr(ns)  Path(ns)    Netlist Resource(s)
  -------------------------------------------------------------------    -------------------
    K15                                               0.000     0.000 r  B[2][4] (IN)
                         net (fo=0)                   0.000     0.000    B[2][4]
    K15                  IBUF (Prop_ibuf_I_O)         0.937     0.937 r  temp20__0_carry_i_11/O
                         net (fo=10, routed)          1.632     2.570    add/temp20__0_carry_i_7_1
    SLICE_X4Y35          LUT6 (Prop_lut6_I2_O)        0.124     2.694 r  add/temp20__0_carry__0_i_5/O
                         net (fo=5, routed)           0.877     3.570    negater/C[2]_carry__0_i_3_1
    SLICE_X3Y36          LUT6 (Prop_lut6_I5_O)        0.124     3.694 r  negater/temp20__0_carry_i_7/O
                         net (fo=12, routed)          0.439     4.133    negater/B[2][2]
    SLICE_X3Y35          LUT4 (Prop_lut4_I3_O)        0.124     4.257 r  negater/C[2]_carry_i_4__0/O
                         net (fo=1, routed)           0.000     4.257    negater/C[2]_carry_i_4__0_n_0
    SLICE_X3Y35          CARRY4 (Prop_carry4_S[2]_CO[3])
                                                      0.398     4.655 r  negater/C[2]_carry/CO[3]
                         net (fo=1, routed)           0.000     4.655    negater/C[2]_carry_n_0
    SLICE_X3Y36          CARRY4 (Prop_carry4_CI_O[0])
                                                      0.222     4.877 f  negater/C[2]_carry__0/O[0]
                         net (fo=4, routed)           0.849     5.726    negater/C[2]_carry__0_i_6[0]
    SLICE_X4Y36          LUT3 (Prop_lut3_I2_O)        0.327     6.053 r  negater/C[2]_carry__0_i_10/O
                         net (fo=1, routed)           0.822     6.876    add/C[2]_carry__0_i_1_3
    SLICE_X2Y36          LUT6 (Prop_lut6_I3_O)        0.326     7.202 r  add/C[2]_carry__0_i_7/O
                         net (fo=1, routed)           0.000     7.202    negater/C[2]_carry__0_4[1]
    SLICE_X2Y36          CARRY4 (Prop_carry4_S[1]_CO[3])
                                                      0.533     7.735 r  negater/C[2]_carry__0_i_1/CO[3]
                         net (fo=16, routed)          1.481     9.216    negater/p_0_in[7]
    SLICE_X1Y33          LUT3 (Prop_lut3_I1_O)        0.124     9.340 r  negater/temp20__0_carry_i_6__0/O
                         net (fo=1, routed)           0.000     9.340    add/S[0]
    SLICE_X1Y33          CARRY4 (Prop_carry4_S[0]_CO[3])
                                                      0.532     9.872 r  add/temp20__0_carry/CO[3]
                         net (fo=1, routed)           0.000     9.872    add/temp20__0_carry_n_0
    SLICE_X1Y34          CARRY4 (Prop_carry4_CI_CO[0])
                                                      0.271    10.143 r  add/temp20__0_carry__0/CO[0]
                         net (fo=5, routed)           1.085    11.228    negater/CO[0]
    SLICE_X5Y30          LUT4 (Prop_lut4_I2_O)        0.373    11.601 r  negater/temp2__0_carry_i_3/O
                         net (fo=2, routed)           0.887    12.487    negater/A[1][2][0]
    SLICE_X4Y30          LUT5 (Prop_lut5_I0_O)        0.124    12.611 r  negater/temp2__0_carry_i_6/O
                         net (fo=1, routed)           0.000    12.611    add/cmp_flags[1]_INST_0_i_8_1[1]
    SLICE_X4Y30          CARRY4 (Prop_carry4_S[1]_CO[3])
                                                      0.550    13.161 r  add/temp2__0_carry/CO[3]
                         net (fo=1, routed)           0.000    13.161    add/temp2__0_carry_n_0
    SLICE_X4Y31          CARRY4 (Prop_carry4_CI_O[1])
                                                      0.334    13.495 r  add/temp2__0_carry__0/O[1]
                         net (fo=5, routed)           0.981    14.476    negater/out[1][6]_0[3]
    SLICE_X2Y31          LUT5 (Prop_lut5_I4_O)        0.303    14.779 r  negater/out[1][6]_INST_0_i_2/O
                         net (fo=6, routed)           0.795    15.574    add/C[0]2
    SLICE_X1Y23          LUT4 (Prop_lut4_I0_O)        0.124    15.698 r  add/C[0]_carry_i_9/O
                         net (fo=1, routed)           0.000    15.698    negater/C[0]_carry_3[0]
    SLICE_X1Y23          CARRY4 (Prop_carry4_S[0]_O[1])
                                                      0.424    16.122 f  negater/C[0]_carry_i_1/O[1]
                         net (fo=2, routed)           0.854    16.976    negater/A[0][6][1]
    SLICE_X1Y25          LUT1 (Prop_lut1_I0_O)        0.303    17.279 r  negater/C[0]_carry_i_4/O
                         net (fo=1, routed)           0.000    17.279    add/cmp_flags[1]_INST_0_i_7_0[1]
    SLICE_X1Y25          CARRY4 (Prop_carry4_S[1]_O[3])
                                                      0.640    17.919 f  add/C[0]_carry/O[3]
                         net (fo=5, routed)           0.993    18.911    add/O[1]
    SLICE_X0Y27          LUT3 (Prop_lut3_I1_O)        0.306    19.217 r  add/out[0][5]_INST_0_i_2/O
                         net (fo=1, routed)           0.674    19.892    negater/out[0][5]
    SLICE_X0Y27          LUT6 (Prop_lut6_I1_O)        0.124    20.016 r  negater/out[0][5]_INST_0_i_1/O
                         net (fo=2, routed)           2.309    22.324    out[0]_OBUF[5]
    H15                  OBUF (Prop_obuf_I_O)         2.607    24.932 r  out[0][5]_INST_0/O
                         net (fo=0)                   0.000    24.932    out[0][5]
    H15                                                               r  out[0][5] (OUT)
  -------------------------------------------------------------------    -------------------

Slack:                    inf
  Source:                 B[2][4]
                            (input port)
  Destination:            out[0][4]
                            (output port)
  Path Group:             (none)
  Path Type:              Max at Slow Process Corner
  Data Path Delay:        24.891ns  (logic 10.660ns (42.827%)  route 14.231ns (57.173%))
  Logic Levels:           25  (CARRY4=10 IBUF=1 LUT2=1 LUT3=2 LUT4=3 LUT5=2 LUT6=5 OBUF=1)

    Location             Delay type                Incr(ns)  Path(ns)    Netlist Resource(s)
  -------------------------------------------------------------------    -------------------
    K15                                               0.000     0.000 r  B[2][4] (IN)
                         net (fo=0)                   0.000     0.000    B[2][4]
    K15                  IBUF (Prop_ibuf_I_O)         0.937     0.937 r  temp20__0_carry_i_11/O
                         net (fo=10, routed)          1.632     2.570    add/temp20__0_carry_i_7_1
    SLICE_X4Y35          LUT6 (Prop_lut6_I2_O)        0.124     2.694 r  add/temp20__0_carry__0_i_5/O
                         net (fo=5, routed)           0.877     3.570    negater/C[2]_carry__0_i_3_1
    SLICE_X3Y36          LUT6 (Prop_lut6_I5_O)        0.124     3.694 r  negater/temp20__0_carry_i_7/O
                         net (fo=12, routed)          0.439     4.133    negater/B[2][2]
    SLICE_X3Y35          LUT4 (Prop_lut4_I3_O)        0.124     4.257 r  negater/C[2]_carry_i_4__0/O
                         net (fo=1, routed)           0.000     4.257    negater/C[2]_carry_i_4__0_n_0
    SLICE_X3Y35          CARRY4 (Prop_carry4_S[2]_CO[3])
                                                      0.398     4.655 r  negater/C[2]_carry/CO[3]
                         net (fo=1, routed)           0.000     4.655    negater/C[2]_carry_n_0
    SLICE_X3Y36          CARRY4 (Prop_carry4_CI_O[0])
                                                      0.222     4.877 f  negater/C[2]_carry__0/O[0]
                         net (fo=4, routed)           0.849     5.726    negater/C[2]_carry__0_i_6[0]
    SLICE_X4Y36          LUT3 (Prop_lut3_I2_O)        0.327     6.053 r  negater/C[2]_carry__0_i_10/O
                         net (fo=1, routed)           0.822     6.876    add/C[2]_carry__0_i_1_3
    SLICE_X2Y36          LUT6 (Prop_lut6_I3_O)        0.326     7.202 r  add/C[2]_carry__0_i_7/O
                         net (fo=1, routed)           0.000     7.202    negater/C[2]_carry__0_4[1]
    SLICE_X2Y36          CARRY4 (Prop_carry4_S[1]_CO[3])
                                                      0.533     7.735 r  negater/C[2]_carry__0_i_1/CO[3]
                         net (fo=16, routed)          1.481     9.216    negater/p_0_in[7]
    SLICE_X1Y33          LUT3 (Prop_lut3_I1_O)        0.124     9.340 r  negater/temp20__0_carry_i_6__0/O
                         net (fo=1, routed)           0.000     9.340    add/S[0]
    SLICE_X1Y33          CARRY4 (Prop_carry4_S[0]_CO[3])
                                                      0.532     9.872 r  add/temp20__0_carry/CO[3]
                         net (fo=1, routed)           0.000     9.872    add/temp20__0_carry_n_0
    SLICE_X1Y34          CARRY4 (Prop_carry4_CI_CO[0])
                                                      0.271    10.143 r  add/temp20__0_carry__0/CO[0]
                         net (fo=5, routed)           1.085    11.228    negater/CO[0]
    SLICE_X5Y30          LUT4 (Prop_lut4_I2_O)        0.373    11.601 r  negater/temp2__0_carry_i_3/O
                         net (fo=2, routed)           0.887    12.487    negater/A[1][2][0]
    SLICE_X4Y30          LUT5 (Prop_lut5_I0_O)        0.124    12.611 r  negater/temp2__0_carry_i_6/O
                         net (fo=1, routed)           0.000    12.611    add/cmp_flags[1]_INST_0_i_8_1[1]
    SLICE_X4Y30          CARRY4 (Prop_carry4_S[1]_CO[3])
                                                      0.550    13.161 r  add/temp2__0_carry/CO[3]
                         net (fo=1, routed)           0.000    13.161    add/temp2__0_carry_n_0
    SLICE_X4Y31          CARRY4 (Prop_carry4_CI_O[1])
                                                      0.334    13.495 r  add/temp2__0_carry__0/O[1]
                         net (fo=5, routed)           0.981    14.476    negater/out[1][6]_0[3]
    SLICE_X2Y31          LUT5 (Prop_lut5_I4_O)        0.303    14.779 r  negater/out[1][6]_INST_0_i_2/O
                         net (fo=6, routed)           0.795    15.574    add/C[0]2
    SLICE_X1Y23          LUT4 (Prop_lut4_I0_O)        0.124    15.698 r  add/C[0]_carry_i_9/O
                         net (fo=1, routed)           0.000    15.698    negater/C[0]_carry_3[0]
    SLICE_X1Y23          CARRY4 (Prop_carry4_S[0]_CO[3])
                                                      0.532    16.230 r  negater/C[0]_carry_i_1/CO[3]
                         net (fo=1, routed)           0.000    16.230    negater/C[0]_carry_i_1_n_0
    SLICE_X1Y24          CARRY4 (Prop_carry4_CI_O[3])
                                                      0.313    16.543 r  negater/C[0]_carry__0_i_1/O[3]
                         net (fo=4, routed)           0.846    17.389    negater/A[0][6]_0[0]
    SLICE_X1Y26          LUT2 (Prop_lut2_I1_O)        0.306    17.695 r  negater/C[0]_carry__0_i_3/O
                         net (fo=1, routed)           0.000    17.695    add/out[0][6]_INST_0_i_3_0[1]
    SLICE_X1Y26          CARRY4 (Prop_carry4_S[1]_O[3])
                                                      0.640    18.335 f  add/C[0]_carry__0/O[3]
                         net (fo=3, routed)           0.677    19.013    negater/out[0][6][3]
    SLICE_X0Y26          LUT6 (Prop_lut6_I0_O)        0.306    19.319 r  negater/out[0][4]_INST_0_i_2/O
                         net (fo=3, routed)           0.466    19.785    negater/C[0]_carry__0_0
    SLICE_X0Y26          LUT6 (Prop_lut6_I0_O)        0.124    19.909 r  negater/out[0][4]_INST_0_i_1/O
                         net (fo=2, routed)           2.394    22.302    out[0]_OBUF[4]
    J12                  OBUF (Prop_obuf_I_O)         2.589    24.891 r  out[0][4]_INST_0/O
                         net (fo=0)                   0.000    24.891    out[0][4]
    J12                                                               r  out[0][4] (OUT)
  -------------------------------------------------------------------    -------------------

Slack:                    inf
  Source:                 B[2][4]
                            (input port)
  Destination:            out[0][3]
                            (output port)
  Path Group:             (none)
  Path Type:              Max at Slow Process Corner
  Data Path Delay:        24.633ns  (logic 10.663ns (43.289%)  route 13.969ns (56.711%))
  Logic Levels:           25  (CARRY4=10 IBUF=1 LUT2=1 LUT3=2 LUT4=3 LUT5=3 LUT6=4 OBUF=1)

    Location             Delay type                Incr(ns)  Path(ns)    Netlist Resource(s)
  -------------------------------------------------------------------    -------------------
    K15                                               0.000     0.000 r  B[2][4] (IN)
                         net (fo=0)                   0.000     0.000    B[2][4]
    K15                  IBUF (Prop_ibuf_I_O)         0.937     0.937 r  temp20__0_carry_i_11/O
                         net (fo=10, routed)          1.632     2.570    add/temp20__0_carry_i_7_1
    SLICE_X4Y35          LUT6 (Prop_lut6_I2_O)        0.124     2.694 r  add/temp20__0_carry__0_i_5/O
                         net (fo=5, routed)           0.877     3.570    negater/C[2]_carry__0_i_3_1
    SLICE_X3Y36          LUT6 (Prop_lut6_I5_O)        0.124     3.694 r  negater/temp20__0_carry_i_7/O
                         net (fo=12, routed)          0.439     4.133    negater/B[2][2]
    SLICE_X3Y35          LUT4 (Prop_lut4_I3_O)        0.124     4.257 r  negater/C[2]_carry_i_4__0/O
                         net (fo=1, routed)           0.000     4.257    negater/C[2]_carry_i_4__0_n_0
    SLICE_X3Y35          CARRY4 (Prop_carry4_S[2]_CO[3])
                                                      0.398     4.655 r  negater/C[2]_carry/CO[3]
                         net (fo=1, routed)           0.000     4.655    negater/C[2]_carry_n_0
    SLICE_X3Y36          CARRY4 (Prop_carry4_CI_O[0])
                                                      0.222     4.877 f  negater/C[2]_carry__0/O[0]
                         net (fo=4, routed)           0.849     5.726    negater/C[2]_carry__0_i_6[0]
    SLICE_X4Y36          LUT3 (Prop_lut3_I2_O)        0.327     6.053 r  negater/C[2]_carry__0_i_10/O
                         net (fo=1, routed)           0.822     6.876    add/C[2]_carry__0_i_1_3
    SLICE_X2Y36          LUT6 (Prop_lut6_I3_O)        0.326     7.202 r  add/C[2]_carry__0_i_7/O
                         net (fo=1, routed)           0.000     7.202    negater/C[2]_carry__0_4[1]
    SLICE_X2Y36          CARRY4 (Prop_carry4_S[1]_CO[3])
                                                      0.533     7.735 r  negater/C[2]_carry__0_i_1/CO[3]
                         net (fo=16, routed)          1.481     9.216    negater/p_0_in[7]
    SLICE_X1Y33          LUT3 (Prop_lut3_I1_O)        0.124     9.340 r  negater/temp20__0_carry_i_6__0/O
                         net (fo=1, routed)           0.000     9.340    add/S[0]
    SLICE_X1Y33          CARRY4 (Prop_carry4_S[0]_CO[3])
                                                      0.532     9.872 r  add/temp20__0_carry/CO[3]
                         net (fo=1, routed)           0.000     9.872    add/temp20__0_carry_n_0
    SLICE_X1Y34          CARRY4 (Prop_carry4_CI_CO[0])
                                                      0.271    10.143 r  add/temp20__0_carry__0/CO[0]
                         net (fo=5, routed)           1.085    11.228    negater/CO[0]
    SLICE_X5Y30          LUT4 (Prop_lut4_I2_O)        0.373    11.601 r  negater/temp2__0_carry_i_3/O
                         net (fo=2, routed)           0.887    12.487    negater/A[1][2][0]
    SLICE_X4Y30          LUT5 (Prop_lut5_I0_O)        0.124    12.611 r  negater/temp2__0_carry_i_6/O
                         net (fo=1, routed)           0.000    12.611    add/cmp_flags[1]_INST_0_i_8_1[1]
    SLICE_X4Y30          CARRY4 (Prop_carry4_S[1]_CO[3])
                                                      0.550    13.161 r  add/temp2__0_carry/CO[3]
                         net (fo=1, routed)           0.000    13.161    add/temp2__0_carry_n_0
    SLICE_X4Y31          CARRY4 (Prop_carry4_CI_O[1])
                                                      0.334    13.495 r  add/temp2__0_carry__0/O[1]
                         net (fo=5, routed)           0.981    14.476    negater/out[1][6]_0[3]
    SLICE_X2Y31          LUT5 (Prop_lut5_I4_O)        0.303    14.779 r  negater/out[1][6]_INST_0_i_2/O
                         net (fo=6, routed)           0.795    15.574    add/C[0]2
    SLICE_X1Y23          LUT4 (Prop_lut4_I0_O)        0.124    15.698 r  add/C[0]_carry_i_9/O
                         net (fo=1, routed)           0.000    15.698    negater/C[0]_carry_3[0]
    SLICE_X1Y23          CARRY4 (Prop_carry4_S[0]_CO[3])
                                                      0.532    16.230 r  negater/C[0]_carry_i_1/CO[3]
                         net (fo=1, routed)           0.000    16.230    negater/C[0]_carry_i_1_n_0
    SLICE_X1Y24          CARRY4 (Prop_carry4_CI_O[3])
                                                      0.313    16.543 r  negater/C[0]_carry__0_i_1/O[3]
                         net (fo=4, routed)           0.846    17.389    negater/A[0][6]_0[0]
    SLICE_X1Y26          LUT2 (Prop_lut2_I1_O)        0.306    17.695 r  negater/C[0]_carry__0_i_3/O
                         net (fo=1, routed)           0.000    17.695    add/out[0][6]_INST_0_i_3_0[1]
    SLICE_X1Y26          CARRY4 (Prop_carry4_S[1]_O[3])
                                                      0.640    18.335 f  add/C[0]_carry__0/O[3]
                         net (fo=3, routed)           0.677    19.013    negater/out[0][6][3]
    SLICE_X0Y26          LUT6 (Prop_lut6_I0_O)        0.306    19.319 r  negater/out[0][4]_INST_0_i_2/O
                         net (fo=3, routed)           0.180    19.499    add/out[0][3]
    SLICE_X0Y26          LUT5 (Prop_lut5_I1_O)        0.124    19.623 r  add/out[0][3]_INST_0_i_1/O
                         net (fo=2, routed)           2.418    22.041    out[0]_OBUF[3]
    K13                  OBUF (Prop_obuf_I_O)         2.592    24.633 r  out[0][3]_INST_0/O
                         net (fo=0)                   0.000    24.633    out[0][3]
    K13                                                               r  out[0][3] (OUT)
  -------------------------------------------------------------------    -------------------

Slack:                    inf
  Source:                 B[2][4]
                            (input port)
  Destination:            out[0][6]
                            (output port)
  Path Group:             (none)
  Path Type:              Max at Slow Process Corner
  Data Path Delay:        24.572ns  (logic 10.494ns (42.706%)  route 14.079ns (57.294%))
  Logic Levels:           24  (CARRY4=10 IBUF=1 LUT2=1 LUT3=2 LUT4=3 LUT5=3 LUT6=3 OBUF=1)

    Location             Delay type                Incr(ns)  Path(ns)    Netlist Resource(s)
  -------------------------------------------------------------------    -------------------
    K15                                               0.000     0.000 r  B[2][4] (IN)
                         net (fo=0)                   0.000     0.000    B[2][4]
    K15                  IBUF (Prop_ibuf_I_O)         0.937     0.937 r  temp20__0_carry_i_11/O
                         net (fo=10, routed)          1.632     2.570    add/temp20__0_carry_i_7_1
    SLICE_X4Y35          LUT6 (Prop_lut6_I2_O)        0.124     2.694 r  add/temp20__0_carry__0_i_5/O
                         net (fo=5, routed)           0.877     3.570    negater/C[2]_carry__0_i_3_1
    SLICE_X3Y36          LUT6 (Prop_lut6_I5_O)        0.124     3.694 r  negater/temp20__0_carry_i_7/O
                         net (fo=12, routed)          0.439     4.133    negater/B[2][2]
    SLICE_X3Y35          LUT4 (Prop_lut4_I3_O)        0.124     4.257 r  negater/C[2]_carry_i_4__0/O
                         net (fo=1, routed)           0.000     4.257    negater/C[2]_carry_i_4__0_n_0
    SLICE_X3Y35          CARRY4 (Prop_carry4_S[2]_CO[3])
                                                      0.398     4.655 r  negater/C[2]_carry/CO[3]
                         net (fo=1, routed)           0.000     4.655    negater/C[2]_carry_n_0
    SLICE_X3Y36          CARRY4 (Prop_carry4_CI_O[0])
                                                      0.222     4.877 f  negater/C[2]_carry__0/O[0]
                         net (fo=4, routed)           0.849     5.726    negater/C[2]_carry__0_i_6[0]
    SLICE_X4Y36          LUT3 (Prop_lut3_I2_O)        0.327     6.053 r  negater/C[2]_carry__0_i_10/O
                         net (fo=1, routed)           0.822     6.876    add/C[2]_carry__0_i_1_3
    SLICE_X2Y36          LUT6 (Prop_lut6_I3_O)        0.326     7.202 r  add/C[2]_carry__0_i_7/O
                         net (fo=1, routed)           0.000     7.202    negater/C[2]_carry__0_4[1]
    SLICE_X2Y36          CARRY4 (Prop_carry4_S[1]_CO[3])
                                                      0.533     7.735 r  negater/C[2]_carry__0_i_1/CO[3]
                         net (fo=16, routed)          1.481     9.216    negater/p_0_in[7]
    SLICE_X1Y33          LUT3 (Prop_lut3_I1_O)        0.124     9.340 r  negater/temp20__0_carry_i_6__0/O
                         net (fo=1, routed)           0.000     9.340    add/S[0]
    SLICE_X1Y33          CARRY4 (Prop_carry4_S[0]_CO[3])
                                                      0.532     9.872 r  add/temp20__0_carry/CO[3]
                         net (fo=1, routed)           0.000     9.872    add/temp20__0_carry_n_0
    SLICE_X1Y34          CARRY4 (Prop_carry4_CI_CO[0])
                                                      0.271    10.143 r  add/temp20__0_carry__0/CO[0]
                         net (fo=5, routed)           1.085    11.228    negater/CO[0]
    SLICE_X5Y30          LUT4 (Prop_lut4_I2_O)        0.373    11.601 r  negater/temp2__0_carry_i_3/O
                         net (fo=2, routed)           0.887    12.487    negater/A[1][2][0]
    SLICE_X4Y30          LUT5 (Prop_lut5_I0_O)        0.124    12.611 r  negater/temp2__0_carry_i_6/O
                         net (fo=1, routed)           0.000    12.611    add/cmp_flags[1]_INST_0_i_8_1[1]
    SLICE_X4Y30          CARRY4 (Prop_carry4_S[1]_CO[3])
                                                      0.550    13.161 r  add/temp2__0_carry/CO[3]
                         net (fo=1, routed)           0.000    13.161    add/temp2__0_carry_n_0
    SLICE_X4Y31          CARRY4 (Prop_carry4_CI_O[1])
                                                      0.334    13.495 r  add/temp2__0_carry__0/O[1]
                         net (fo=5, routed)           0.981    14.476    negater/out[1][6]_0[3]
    SLICE_X2Y31          LUT5 (Prop_lut5_I4_O)        0.303    14.779 r  negater/out[1][6]_INST_0_i_2/O
                         net (fo=6, routed)           0.795    15.574    add/C[0]2
    SLICE_X1Y23          LUT4 (Prop_lut4_I0_O)        0.124    15.698 r  add/C[0]_carry_i_9/O
                         net (fo=1, routed)           0.000    15.698    negater/C[0]_carry_3[0]
    SLICE_X1Y23          CARRY4 (Prop_carry4_S[0]_CO[3])
                                                      0.532    16.230 r  negater/C[0]_carry_i_1/CO[3]
                         net (fo=1, routed)           0.000    16.230    negater/C[0]_carry_i_1_n_0
    SLICE_X1Y24          CARRY4 (Prop_carry4_CI_O[3])
                                                      0.313    16.543 r  negater/C[0]_carry__0_i_1/O[3]
                         net (fo=4, routed)           0.846    17.389    negater/A[0][6]_0[0]
    SLICE_X1Y26          LUT2 (Prop_lut2_I1_O)        0.306    17.695 r  negater/C[0]_carry__0_i_3/O
                         net (fo=1, routed)           0.000    17.695    add/out[0][6]_INST_0_i_3_0[1]
    SLICE_X1Y26          CARRY4 (Prop_carry4_S[1]_O[2])
                                                      0.580    18.275 r  add/C[0]_carry__0/O[2]
                         net (fo=3, routed)           0.959    19.235    negater/out[0][6][2]
    SLICE_X0Y27          LUT5 (Prop_lut5_I2_O)        0.302    19.537 r  negater/out[0][6]_INST_0_i_1/O
                         net (fo=2, routed)           2.425    21.962    out[0]_OBUF[6]
    H14                  OBUF (Prop_obuf_I_O)         2.610    24.572 r  out[0][6]_INST_0/O
                         net (fo=0)                   0.000    24.572    out[0][6]
    H14                                                               r  out[0][6] (OUT)
  -------------------------------------------------------------------    -------------------

Slack:                    inf
  Source:                 B[2][4]
                            (input port)
  Destination:            out[0][2]
                            (output port)
  Path Group:             (none)
  Path Type:              Max at Slow Process Corner
  Data Path Delay:        24.524ns  (logic 10.699ns (43.628%)  route 13.825ns (56.372%))
  Logic Levels:           25  (CARRY4=10 IBUF=1 LUT2=1 LUT3=2 LUT4=4 LUT5=2 LUT6=4 OBUF=1)

    Location             Delay type                Incr(ns)  Path(ns)    Netlist Resource(s)
  -------------------------------------------------------------------    -------------------
    K15                                               0.000     0.000 r  B[2][4] (IN)
                         net (fo=0)                   0.000     0.000    B[2][4]
    K15                  IBUF (Prop_ibuf_I_O)         0.937     0.937 r  temp20__0_carry_i_11/O
                         net (fo=10, routed)          1.632     2.570    add/temp20__0_carry_i_7_1
    SLICE_X4Y35          LUT6 (Prop_lut6_I2_O)        0.124     2.694 r  add/temp20__0_carry__0_i_5/O
                         net (fo=5, routed)           0.877     3.570    negater/C[2]_carry__0_i_3_1
    SLICE_X3Y36          LUT6 (Prop_lut6_I5_O)        0.124     3.694 r  negater/temp20__0_carry_i_7/O
                         net (fo=12, routed)          0.439     4.133    negater/B[2][2]
    SLICE_X3Y35          LUT4 (Prop_lut4_I3_O)        0.124     4.257 r  negater/C[2]_carry_i_4__0/O
                         net (fo=1, routed)           0.000     4.257    negater/C[2]_carry_i_4__0_n_0
    SLICE_X3Y35          CARRY4 (Prop_carry4_S[2]_CO[3])
                                                      0.398     4.655 r  negater/C[2]_carry/CO[3]
                         net (fo=1, routed)           0.000     4.655    negater/C[2]_carry_n_0
    SLICE_X3Y36          CARRY4 (Prop_carry4_CI_O[0])
                                                      0.222     4.877 f  negater/C[2]_carry__0/O[0]
                         net (fo=4, routed)           0.849     5.726    negater/C[2]_carry__0_i_6[0]
    SLICE_X4Y36          LUT3 (Prop_lut3_I2_O)        0.327     6.053 r  negater/C[2]_carry__0_i_10/O
                         net (fo=1, routed)           0.822     6.876    add/C[2]_carry__0_i_1_3
    SLICE_X2Y36          LUT6 (Prop_lut6_I3_O)        0.326     7.202 r  add/C[2]_carry__0_i_7/O
                         net (fo=1, routed)           0.000     7.202    negater/C[2]_carry__0_4[1]
    SLICE_X2Y36          CARRY4 (Prop_carry4_S[1]_CO[3])
                                                      0.533     7.735 r  negater/C[2]_carry__0_i_1/CO[3]
                         net (fo=16, routed)          1.481     9.216    negater/p_0_in[7]
    SLICE_X1Y33          LUT3 (Prop_lut3_I1_O)        0.124     9.340 r  negater/temp20__0_carry_i_6__0/O
                         net (fo=1, routed)           0.000     9.340    add/S[0]
    SLICE_X1Y33          CARRY4 (Prop_carry4_S[0]_CO[3])
                                                      0.532     9.872 r  add/temp20__0_carry/CO[3]
                         net (fo=1, routed)           0.000     9.872    add/temp20__0_carry_n_0
    SLICE_X1Y34          CARRY4 (Prop_carry4_CI_CO[0])
                                                      0.271    10.143 r  add/temp20__0_carry__0/CO[0]
                         net (fo=5, routed)           1.085    11.228    negater/CO[0]
    SLICE_X5Y30          LUT4 (Prop_lut4_I2_O)        0.373    11.601 r  negater/temp2__0_carry_i_3/O
                         net (fo=2, routed)           0.887    12.487    negater/A[1][2][0]
    SLICE_X4Y30          LUT5 (Prop_lut5_I0_O)        0.124    12.611 r  negater/temp2__0_carry_i_6/O
                         net (fo=1, routed)           0.000    12.611    add/cmp_flags[1]_INST_0_i_8_1[1]
    SLICE_X4Y30          CARRY4 (Prop_carry4_S[1]_CO[3])
                                                      0.550    13.161 r  add/temp2__0_carry/CO[3]
                         net (fo=1, routed)           0.000    13.161    add/temp2__0_carry_n_0
    SLICE_X4Y31          CARRY4 (Prop_carry4_CI_O[1])
                                                      0.334    13.495 r  add/temp2__0_carry__0/O[1]
                         net (fo=5, routed)           0.981    14.476    negater/out[1][6]_0[3]
    SLICE_X2Y31          LUT5 (Prop_lut5_I4_O)        0.303    14.779 r  negater/out[1][6]_INST_0_i_2/O
                         net (fo=6, routed)           0.795    15.574    add/C[0]2
    SLICE_X1Y23          LUT4 (Prop_lut4_I0_O)        0.124    15.698 r  add/C[0]_carry_i_9/O
                         net (fo=1, routed)           0.000    15.698    negater/C[0]_carry_3[0]
    SLICE_X1Y23          CARRY4 (Prop_carry4_S[0]_CO[3])
                                                      0.532    16.230 r  negater/C[0]_carry_i_1/CO[3]
                         net (fo=1, routed)           0.000    16.230    negater/C[0]_carry_i_1_n_0
    SLICE_X1Y24          CARRY4 (Prop_carry4_CI_O[3])
                                                      0.313    16.543 r  negater/C[0]_carry__0_i_1/O[3]
                         net (fo=4, routed)           0.846    17.389    negater/A[0][6]_0[0]
    SLICE_X1Y26          LUT2 (Prop_lut2_I1_O)        0.306    17.695 r  negater/C[0]_carry__0_i_3/O
                         net (fo=1, routed)           0.000    17.695    add/out[0][6]_INST_0_i_3_0[1]
    SLICE_X1Y26          CARRY4 (Prop_carry4_S[1]_O[3])
                                                      0.640    18.335 f  add/C[0]_carry__0/O[3]
                         net (fo=3, routed)           0.677    19.013    negater/out[0][6][3]
    SLICE_X0Y26          LUT6 (Prop_lut6_I0_O)        0.306    19.319 r  negater/out[0][4]_INST_0_i_2/O
                         net (fo=3, routed)           0.183    19.502    add/out[0][3]
    SLICE_X0Y26          LUT4 (Prop_lut4_I1_O)        0.124    19.626 r  add/out[0][2]_INST_0_i_1/O
                         net (fo=2, routed)           2.270    21.896    out[0]_OBUF[2]
    K11                  OBUF (Prop_obuf_I_O)         2.628    24.524 r  out[0][2]_INST_0/O
                         net (fo=0)                   0.000    24.524    out[0][2]
    K11                                                               r  out[0][2] (OUT)
  -------------------------------------------------------------------    -------------------

Slack:                    inf
  Source:                 B[2][4]
                            (input port)
  Destination:            out[0][1]
                            (output port)
  Path Group:             (none)
  Path Type:              Max at Slow Process Corner
  Data Path Delay:        23.152ns  (logic 9.731ns (42.029%)  route 13.422ns (57.971%))
  Logic Levels:           23  (CARRY4=9 IBUF=1 LUT1=1 LUT3=3 LUT4=3 LUT5=2 LUT6=3 OBUF=1)

    Location             Delay type                Incr(ns)  Path(ns)    Netlist Resource(s)
  -------------------------------------------------------------------    -------------------
    K15                                               0.000     0.000 r  B[2][4] (IN)
                         net (fo=0)                   0.000     0.000    B[2][4]
    K15                  IBUF (Prop_ibuf_I_O)         0.937     0.937 r  temp20__0_carry_i_11/O
                         net (fo=10, routed)          1.632     2.570    add/temp20__0_carry_i_7_1
    SLICE_X4Y35          LUT6 (Prop_lut6_I2_O)        0.124     2.694 r  add/temp20__0_carry__0_i_5/O
                         net (fo=5, routed)           0.877     3.570    negater/C[2]_carry__0_i_3_1
    SLICE_X3Y36          LUT6 (Prop_lut6_I5_O)        0.124     3.694 r  negater/temp20__0_carry_i_7/O
                         net (fo=12, routed)          0.439     4.133    negater/B[2][2]
    SLICE_X3Y35          LUT4 (Prop_lut4_I3_O)        0.124     4.257 r  negater/C[2]_carry_i_4__0/O
                         net (fo=1, routed)           0.000     4.257    negater/C[2]_carry_i_4__0_n_0
    SLICE_X3Y35          CARRY4 (Prop_carry4_S[2]_CO[3])
                                                      0.398     4.655 r  negater/C[2]_carry/CO[3]
                         net (fo=1, routed)           0.000     4.655    negater/C[2]_carry_n_0
    SLICE_X3Y36          CARRY4 (Prop_carry4_CI_O[0])
                                                      0.222     4.877 f  negater/C[2]_carry__0/O[0]
                         net (fo=4, routed)           0.849     5.726    negater/C[2]_carry__0_i_6[0]
    SLICE_X4Y36          LUT3 (Prop_lut3_I2_O)        0.327     6.053 r  negater/C[2]_carry__0_i_10/O
                         net (fo=1, routed)           0.822     6.876    add/C[2]_carry__0_i_1_3
    SLICE_X2Y36          LUT6 (Prop_lut6_I3_O)        0.326     7.202 r  add/C[2]_carry__0_i_7/O
                         net (fo=1, routed)           0.000     7.202    negater/C[2]_carry__0_4[1]
    SLICE_X2Y36          CARRY4 (Prop_carry4_S[1]_CO[3])
                                                      0.533     7.735 r  negater/C[2]_carry__0_i_1/CO[3]
                         net (fo=16, routed)          1.481     9.216    negater/p_0_in[7]
    SLICE_X1Y33          LUT3 (Prop_lut3_I1_O)        0.124     9.340 r  negater/temp20__0_carry_i_6__0/O
                         net (fo=1, routed)           0.000     9.340    add/S[0]
    SLICE_X1Y33          CARRY4 (Prop_carry4_S[0]_CO[3])
                                                      0.532     9.872 r  add/temp20__0_carry/CO[3]
                         net (fo=1, routed)           0.000     9.872    add/temp20__0_carry_n_0
    SLICE_X1Y34          CARRY4 (Prop_carry4_CI_CO[0])
                                                      0.271    10.143 r  add/temp20__0_carry__0/CO[0]
                         net (fo=5, routed)           1.085    11.228    negater/CO[0]
    SLICE_X5Y30          LUT4 (Prop_lut4_I2_O)        0.373    11.601 r  negater/temp2__0_carry_i_3/O
                         net (fo=2, routed)           0.887    12.487    negater/A[1][2][0]
    SLICE_X4Y30          LUT5 (Prop_lut5_I0_O)        0.124    12.611 r  negater/temp2__0_carry_i_6/O
                         net (fo=1, routed)           0.000    12.611    add/cmp_flags[1]_INST_0_i_8_1[1]
    SLICE_X4Y30          CARRY4 (Prop_carry4_S[1]_CO[3])
                                                      0.550    13.161 r  add/temp2__0_carry/CO[3]
                         net (fo=1, routed)           0.000    13.161    add/temp2__0_carry_n_0
    SLICE_X4Y31          CARRY4 (Prop_carry4_CI_O[1])
                                                      0.334    13.495 r  add/temp2__0_carry__0/O[1]
                         net (fo=5, routed)           0.981    14.476    negater/out[1][6]_0[3]
    SLICE_X2Y31          LUT5 (Prop_lut5_I4_O)        0.303    14.779 r  negater/out[1][6]_INST_0_i_2/O
                         net (fo=6, routed)           0.795    15.574    add/C[0]2
    SLICE_X1Y23          LUT4 (Prop_lut4_I0_O)        0.124    15.698 r  add/C[0]_carry_i_9/O
                         net (fo=1, routed)           0.000    15.698    negater/C[0]_carry_3[0]
    SLICE_X1Y23          CARRY4 (Prop_carry4_S[0]_O[1])
                                                      0.424    16.122 f  negater/C[0]_carry_i_1/O[1]
                         net (fo=2, routed)           0.854    16.976    negater/A[0][6][1]
    SLICE_X1Y25          LUT1 (Prop_lut1_I0_O)        0.303    17.279 r  negater/C[0]_carry_i_4/O
                         net (fo=1, routed)           0.000    17.279    add/cmp_flags[1]_INST_0_i_7_0[1]
    SLICE_X1Y25          CARRY4 (Prop_carry4_S[1]_O[1])
                                                      0.227    17.506 r  add/C[0]_carry/O[1]
                         net (fo=2, routed)           0.640    18.146    add/adder_out[0][1]
    SLICE_X0Y31          LUT3 (Prop_lut3_I0_O)        0.303    18.449 r  add/out[0][1]_INST_0_i_1/O
                         net (fo=1, routed)           2.080    20.529    out[0]_OBUF[1]
    K12                  OBUF (Prop_obuf_I_O)         2.623    23.152 r  out[0][1]_INST_0/O
                         net (fo=0)                   0.000    23.152    out[0][1]
    K12                                                               r  out[0][1] (OUT)
  -------------------------------------------------------------------    -------------------

Slack:                    inf
  Source:                 B[2][4]
                            (input port)
  Destination:            out[0][0]
                            (output port)
  Path Group:             (none)
  Path Type:              Max at Slow Process Corner
  Data Path Delay:        23.132ns  (logic 9.789ns (42.317%)  route 13.343ns (57.683%))
  Logic Levels:           23  (CARRY4=9 IBUF=1 LUT1=1 LUT3=3 LUT4=3 LUT5=2 LUT6=3 OBUF=1)

    Location             Delay type                Incr(ns)  Path(ns)    Netlist Resource(s)
  -------------------------------------------------------------------    -------------------
    K15                                               0.000     0.000 r  B[2][4] (IN)
                         net (fo=0)                   0.000     0.000    B[2][4]
    K15                  IBUF (Prop_ibuf_I_O)         0.937     0.937 r  temp20__0_carry_i_11/O
                         net (fo=10, routed)          1.632     2.570    add/temp20__0_carry_i_7_1
    SLICE_X4Y35          LUT6 (Prop_lut6_I2_O)        0.124     2.694 r  add/temp20__0_carry__0_i_5/O
                         net (fo=5, routed)           0.877     3.570    negater/C[2]_carry__0_i_3_1
    SLICE_X3Y36          LUT6 (Prop_lut6_I5_O)        0.124     3.694 r  negater/temp20__0_carry_i_7/O
                         net (fo=12, routed)          0.439     4.133    negater/B[2][2]
    SLICE_X3Y35          LUT4 (Prop_lut4_I3_O)        0.124     4.257 r  negater/C[2]_carry_i_4__0/O
                         net (fo=1, routed)           0.000     4.257    negater/C[2]_carry_i_4__0_n_0
    SLICE_X3Y35          CARRY4 (Prop_carry4_S[2]_CO[3])
                                                      0.398     4.655 r  negater/C[2]_carry/CO[3]
                         net (fo=1, routed)           0.000     4.655    negater/C[2]_carry_n_0
    SLICE_X3Y36          CARRY4 (Prop_carry4_CI_O[0])
                                                      0.222     4.877 f  negater/C[2]_carry__0/O[0]
                         net (fo=4, routed)           0.849     5.726    negater/C[2]_carry__0_i_6[0]
    SLICE_X4Y36          LUT3 (Prop_lut3_I2_O)        0.327     6.053 r  negater/C[2]_carry__0_i_10/O
                         net (fo=1, routed)           0.822     6.876    add/C[2]_carry__0_i_1_3
    SLICE_X2Y36          LUT6 (Prop_lut6_I3_O)        0.326     7.202 r  add/C[2]_carry__0_i_7/O
                         net (fo=1, routed)           0.000     7.202    negater/C[2]_carry__0_4[1]
    SLICE_X2Y36          CARRY4 (Prop_carry4_S[1]_CO[3])
                                                      0.533     7.735 r  negater/C[2]_carry__0_i_1/CO[3]
                         net (fo=16, routed)          1.481     9.216    negater/p_0_in[7]
    SLICE_X1Y33          LUT3 (Prop_lut3_I1_O)        0.124     9.340 r  negater/temp20__0_carry_i_6__0/O
                         net (fo=1, routed)           0.000     9.340    add/S[0]
    SLICE_X1Y33          CARRY4 (Prop_carry4_S[0]_CO[3])
                                                      0.532     9.872 r  add/temp20__0_carry/CO[3]
                         net (fo=1, routed)           0.000     9.872    add/temp20__0_carry_n_0
    SLICE_X1Y34          CARRY4 (Prop_carry4_CI_CO[0])
                                                      0.271    10.143 r  add/temp20__0_carry__0/CO[0]
                         net (fo=5, routed)           1.085    11.228    negater/CO[0]
    SLICE_X5Y30          LUT4 (Prop_lut4_I2_O)        0.373    11.601 r  negater/temp2__0_carry_i_3/O
                         net (fo=2, routed)           0.887    12.487    negater/A[1][2][0]
    SLICE_X4Y30          LUT5 (Prop_lut5_I0_O)        0.124    12.611 r  negater/temp2__0_carry_i_6/O
                         net (fo=1, routed)           0.000    12.611    add/cmp_flags[1]_INST_0_i_8_1[1]
    SLICE_X4Y30          CARRY4 (Prop_carry4_S[1]_CO[3])
                                                      0.550    13.161 r  add/temp2__0_carry/CO[3]
                         net (fo=1, routed)           0.000    13.161    add/temp2__0_carry_n_0
    SLICE_X4Y31          CARRY4 (Prop_carry4_CI_O[1])
                                                      0.334    13.495 r  add/temp2__0_carry__0/O[1]
                         net (fo=5, routed)           0.981    14.476    negater/out[1][6]_0[3]
    SLICE_X2Y31          LUT5 (Prop_lut5_I4_O)        0.303    14.779 r  negater/out[1][6]_INST_0_i_2/O
                         net (fo=6, routed)           0.795    15.574    add/C[0]2
    SLICE_X1Y23          LUT4 (Prop_lut4_I0_O)        0.124    15.698 r  add/C[0]_carry_i_9/O
                         net (fo=1, routed)           0.000    15.698    negater/C[0]_carry_3[0]
    SLICE_X1Y23          CARRY4 (Prop_carry4_S[0]_O[0])
                                                      0.247    15.945 f  negater/C[0]_carry_i_1/O[0]
                         net (fo=2, routed)           0.341    16.286    negater/A[0][6][0]
    SLICE_X1Y25          LUT1 (Prop_lut1_I0_O)        0.299    16.585 r  negater/C[0]_carry_i_5/O
                         net (fo=1, routed)           0.000    16.585    add/cmp_flags[1]_INST_0_i_7_0[0]
    SLICE_X1Y25          CARRY4 (Prop_carry4_S[0]_O[0])
                                                      0.247    16.832 r  add/C[0]_carry/O[0]
                         net (fo=2, routed)           1.236    18.068    add/adder_out[0][0]
    SLICE_X0Y31          LUT3 (Prop_lut3_I0_O)        0.327    18.395 r  add/out[0][0]_INST_0_i_1/O
                         net (fo=1, routed)           1.919    20.314    out[0]_OBUF[0]
    K14                  OBUF (Prop_obuf_I_O)         2.819    23.132 r  out[0][0]_INST_0/O
                         net (fo=0)                   0.000    23.132    out[0][0]
    K14                                                               r  out[0][0] (OUT)
  -------------------------------------------------------------------    -------------------

Slack:                    inf
  Source:                 B[2][4]
                            (input port)
  Destination:            out[1][3]
                            (output port)
  Path Group:             (none)
  Path Type:              Max at Slow Process Corner
  Data Path Delay:        20.821ns  (logic 8.664ns (41.613%)  route 12.157ns (58.387%))
  Logic Levels:           19  (CARRY4=7 IBUF=1 LUT2=1 LUT3=2 LUT4=2 LUT5=1 LUT6=4 OBUF=1)

    Location             Delay type                Incr(ns)  Path(ns)    Netlist Resource(s)
  -------------------------------------------------------------------    -------------------
    K15                                               0.000     0.000 r  B[2][4] (IN)
                         net (fo=0)                   0.000     0.000    B[2][4]
    K15                  IBUF (Prop_ibuf_I_O)         0.937     0.937 r  temp20__0_carry_i_11/O
                         net (fo=10, routed)          1.632     2.570    add/temp20__0_carry_i_7_1
    SLICE_X4Y35          LUT6 (Prop_lut6_I2_O)        0.124     2.694 r  add/temp20__0_carry__0_i_5/O
                         net (fo=5, routed)           0.877     3.570    negater/C[2]_carry__0_i_3_1
    SLICE_X3Y36          LUT6 (Prop_lut6_I5_O)        0.124     3.694 r  negater/temp20__0_carry_i_7/O
                         net (fo=12, routed)          0.439     4.133    negater/B[2][2]
    SLICE_X3Y35          LUT4 (Prop_lut4_I3_O)        0.124     4.257 r  negater/C[2]_carry_i_4__0/O
                         net (fo=1, routed)           0.000     4.257    negater/C[2]_carry_i_4__0_n_0
    SLICE_X3Y35          CARRY4 (Prop_carry4_S[2]_CO[3])
                                                      0.398     4.655 r  negater/C[2]_carry/CO[3]
                         net (fo=1, routed)           0.000     4.655    negater/C[2]_carry_n_0
    SLICE_X3Y36          CARRY4 (Prop_carry4_CI_O[0])
                                                      0.222     4.877 f  negater/C[2]_carry__0/O[0]
                         net (fo=4, routed)           0.849     5.726    negater/C[2]_carry__0_i_6[0]
    SLICE_X4Y36          LUT3 (Prop_lut3_I2_O)        0.327     6.053 r  negater/C[2]_carry__0_i_10/O
                         net (fo=1, routed)           0.822     6.876    add/C[2]_carry__0_i_1_3
    SLICE_X2Y36          LUT6 (Prop_lut6_I3_O)        0.326     7.202 r  add/C[2]_carry__0_i_7/O
                         net (fo=1, routed)           0.000     7.202    negater/C[2]_carry__0_4[1]
    SLICE_X2Y36          CARRY4 (Prop_carry4_S[1]_CO[3])
                                                      0.533     7.735 r  negater/C[2]_carry__0_i_1/CO[3]
                         net (fo=16, routed)          1.481     9.216    negater/p_0_in[7]
    SLICE_X1Y33          LUT3 (Prop_lut3_I1_O)        0.124     9.340 r  negater/temp20__0_carry_i_6__0/O
                         net (fo=1, routed)           0.000     9.340    add/S[0]
    SLICE_X1Y33          CARRY4 (Prop_carry4_S[0]_CO[3])
                                                      0.532     9.872 r  add/temp20__0_carry/CO[3]
                         net (fo=1, routed)           0.000     9.872    add/temp20__0_carry_n_0
    SLICE_X1Y34          CARRY4 (Prop_carry4_CI_CO[0])
                                                      0.271    10.143 r  add/temp20__0_carry__0/CO[0]
                         net (fo=5, routed)           1.085    11.228    negater/CO[0]
    SLICE_X5Y30          LUT4 (Prop_lut4_I2_O)        0.373    11.601 r  negater/temp2__0_carry_i_3/O
                         net (fo=2, routed)           0.887    12.487    negater/A[1][2][0]
    SLICE_X4Y30          LUT5 (Prop_lut5_I0_O)        0.124    12.611 r  negater/temp2__0_carry_i_6/O
                         net (fo=1, routed)           0.000    12.611    add/cmp_flags[1]_INST_0_i_8_1[1]
    SLICE_X4Y30          CARRY4 (Prop_carry4_S[1]_CO[3])
                                                      0.550    13.161 r  add/temp2__0_carry/CO[3]
                         net (fo=1, routed)           0.000    13.161    add/temp2__0_carry_n_0
    SLICE_X4Y31          CARRY4 (Prop_carry4_CI_O[1])
                                                      0.334    13.495 f  add/temp2__0_carry__0/O[1]
                         net (fo=5, routed)           0.986    14.481    negater/out[1][6]_0[3]
    SLICE_X1Y31          LUT2 (Prop_lut2_I0_O)        0.331    14.812 r  negater/out[1][3]_INST_0_i_2/O
                         net (fo=1, routed)           0.433    15.246    negater/out[1][3]_INST_0_i_2_n_0
    SLICE_X1Y31          LUT6 (Prop_lut6_I0_O)        0.326    15.572 r  negater/out[1][3]_INST_0_i_1/O
                         net (fo=2, routed)           2.665    18.237    out[1]_OBUF[3]
    G14                  OBUF (Prop_obuf_I_O)         2.584    20.821 r  out[1][3]_INST_0/O
                         net (fo=0)                   0.000    20.821    out[1][3]
    G14                                                               r  out[1][3] (OUT)
  -------------------------------------------------------------------    -------------------

Slack:                    inf
  Source:                 B[2][4]
                            (input port)
  Destination:            out[1][6]
                            (output port)
  Path Group:             (none)
  Path Type:              Max at Slow Process Corner
  Data Path Delay:        20.708ns  (logic 8.469ns (40.895%)  route 12.239ns (59.105%))
  Logic Levels:           19  (CARRY4=7 IBUF=1 LUT3=2 LUT4=3 LUT5=2 LUT6=3 OBUF=1)

    Location             Delay type                Incr(ns)  Path(ns)    Netlist Resource(s)
  -------------------------------------------------------------------    -------------------
    K15                                               0.000     0.000 r  B[2][4] (IN)
                         net (fo=0)                   0.000     0.000    B[2][4]
    K15                  IBUF (Prop_ibuf_I_O)         0.937     0.937 r  temp20__0_carry_i_11/O
                         net (fo=10, routed)          1.632     2.570    add/temp20__0_carry_i_7_1
    SLICE_X4Y35          LUT6 (Prop_lut6_I2_O)        0.124     2.694 r  add/temp20__0_carry__0_i_5/O
                         net (fo=5, routed)           0.877     3.570    negater/C[2]_carry__0_i_3_1
    SLICE_X3Y36          LUT6 (Prop_lut6_I5_O)        0.124     3.694 r  negater/temp20__0_carry_i_7/O
                         net (fo=12, routed)          0.439     4.133    negater/B[2][2]
    SLICE_X3Y35          LUT4 (Prop_lut4_I3_O)        0.124     4.257 r  negater/C[2]_carry_i_4__0/O
                         net (fo=1, routed)           0.000     4.257    negater/C[2]_carry_i_4__0_n_0
    SLICE_X3Y35          CARRY4 (Prop_carry4_S[2]_CO[3])
                                                      0.398     4.655 r  negater/C[2]_carry/CO[3]
                         net (fo=1, routed)           0.000     4.655    negater/C[2]_carry_n_0
    SLICE_X3Y36          CARRY4 (Prop_carry4_CI_O[0])
                                                      0.222     4.877 f  negater/C[2]_carry__0/O[0]
                         net (fo=4, routed)           0.849     5.726    negater/C[2]_carry__0_i_6[0]
    SLICE_X4Y36          LUT3 (Prop_lut3_I2_O)        0.327     6.053 r  negater/C[2]_carry__0_i_10/O
                         net (fo=1, routed)           0.822     6.876    add/C[2]_carry__0_i_1_3
    SLICE_X2Y36          LUT6 (Prop_lut6_I3_O)        0.326     7.202 r  add/C[2]_carry__0_i_7/O
                         net (fo=1, routed)           0.000     7.202    negater/C[2]_carry__0_4[1]
    SLICE_X2Y36          CARRY4 (Prop_carry4_S[1]_CO[3])
                                                      0.533     7.735 r  negater/C[2]_carry__0_i_1/CO[3]
                         net (fo=16, routed)          1.481     9.216    negater/p_0_in[7]
    SLICE_X1Y33          LUT3 (Prop_lut3_I1_O)        0.124     9.340 r  negater/temp20__0_carry_i_6__0/O
                         net (fo=1, routed)           0.000     9.340    add/S[0]
    SLICE_X1Y33          CARRY4 (Prop_carry4_S[0]_CO[3])
                                                      0.532     9.872 r  add/temp20__0_carry/CO[3]
                         net (fo=1, routed)           0.000     9.872    add/temp20__0_carry_n_0
    SLICE_X1Y34          CARRY4 (Prop_carry4_CI_CO[0])
                                                      0.271    10.143 r  add/temp20__0_carry__0/CO[0]
                         net (fo=5, routed)           1.085    11.228    negater/CO[0]
    SLICE_X5Y30          LUT4 (Prop_lut4_I2_O)        0.373    11.601 r  negater/temp2__0_carry_i_3/O
                         net (fo=2, routed)           0.887    12.487    negater/A[1][2][0]
    SLICE_X4Y30          LUT5 (Prop_lut5_I0_O)        0.124    12.611 r  negater/temp2__0_carry_i_6/O
                         net (fo=1, routed)           0.000    12.611    add/cmp_flags[1]_INST_0_i_8_1[1]
    SLICE_X4Y30          CARRY4 (Prop_carry4_S[1]_CO[3])
                                                      0.550    13.161 r  add/temp2__0_carry/CO[3]
                         net (fo=1, routed)           0.000    13.161    add/temp2__0_carry_n_0
    SLICE_X4Y31          CARRY4 (Prop_carry4_CI_O[1])
                                                      0.334    13.495 f  add/temp2__0_carry__0/O[1]
                         net (fo=5, routed)           0.981    14.476    negater/out[1][6]_0[3]
    SLICE_X2Y31          LUT5 (Prop_lut5_I4_O)        0.303    14.779 f  negater/out[1][6]_INST_0_i_2/O
                         net (fo=6, routed)           0.659    15.438    negater/C[0]2
    SLICE_X1Y31          LUT4 (Prop_lut4_I1_O)        0.124    15.562 r  negater/out[1][6]_INST_0_i_1/O
                         net (fo=1, routed)           2.528    18.090    out[1]_OBUF[6]
    F14                  OBUF (Prop_obuf_I_O)         2.618    20.708 r  out[1][6]_INST_0/O
                         net (fo=0)                   0.000    20.708    out[1][6]
    F14                                                               r  out[1][6] (OUT)
  -------------------------------------------------------------------    -------------------





Min Delay Paths
--------------------------------------------------------------------------------------
Slack:                    inf
  Source:                 control_operation[0]
                            (input port)
  Destination:            out[2][4]
                            (output port)
  Path Group:             (none)
  Path Type:              Min at Fast Process Corner
  Data Path Delay:        2.608ns  (logic 1.325ns (50.800%)  route 1.283ns (49.200%))
  Logic Levels:           3  (IBUF=1 LUT6=1 OBUF=1)

    Location             Delay type                Incr(ns)  Path(ns)    Netlist Resource(s)
  -------------------------------------------------------------------    -------------------
    H11                                               0.000     0.000 r  control_operation[0] (IN)
                         net (fo=0)                   0.000     0.000    control_operation[0]
    H11                  IBUF (Prop_ibuf_I_O)         0.146     0.146 r  control_operation_IBUF[0]_inst/O
                         net (fo=25, routed)          0.549     0.695    negater/control_operation_IBUF[0]
    SLICE_X0Y37          LUT6 (Prop_lut6_I4_O)        0.045     0.740 r  negater/out[2][4]_INST_0_i_1/O
                         net (fo=2, routed)           0.735     1.474    out[2]_OBUF[4]
    E13                  OBUF (Prop_obuf_I_O)         1.134     2.608 r  out[2][4]_INST_0/O
                         net (fo=0)                   0.000     2.608    out[2][4]
    E13                                                               r  out[2][4] (OUT)
  -------------------------------------------------------------------    -------------------

Slack:                    inf
  Source:                 control_operation[0]
                            (input port)
  Destination:            out[2][6]
                            (output port)
  Path Group:             (none)
  Path Type:              Min at Fast Process Corner
  Data Path Delay:        2.625ns  (logic 1.315ns (50.098%)  route 1.310ns (49.902%))
  Logic Levels:           3  (IBUF=1 LUT5=1 OBUF=1)

    Location             Delay type                Incr(ns)  Path(ns)    Netlist Resource(s)
  -------------------------------------------------------------------    -------------------
    H11                                               0.000     0.000 r  control_operation[0] (IN)
                         net (fo=0)                   0.000     0.000    control_operation[0]
    H11                  IBUF (Prop_ibuf_I_O)         0.146     0.146 r  control_operation_IBUF[0]_inst/O
                         net (fo=25, routed)          0.580     0.726    negater/control_operation_IBUF[0]
    SLICE_X1Y37          LUT5 (Prop_lut5_I3_O)        0.045     0.771 r  negater/out[2][6]_INST_0_i_1/O
                         net (fo=2, routed)           0.730     1.501    out[2]_OBUF[6]
    E11                  OBUF (Prop_obuf_I_O)         1.124     2.625 r  out[2][6]_INST_0/O
                         net (fo=0)                   0.000     2.625    out[2][6]
    E11                                                               r  out[2][6] (OUT)
  -------------------------------------------------------------------    -------------------

Slack:                    inf
  Source:                 control_operation[0]
                            (input port)
  Destination:            out[2][5]
                            (output port)
  Path Group:             (none)
  Path Type:              Min at Fast Process Corner
  Data Path Delay:        2.678ns  (logic 1.327ns (49.559%)  route 1.351ns (50.441%))
  Logic Levels:           3  (IBUF=1 LUT6=1 OBUF=1)

    Location             Delay type                Incr(ns)  Path(ns)    Netlist Resource(s)
  -------------------------------------------------------------------    -------------------
    H11                                               0.000     0.000 r  control_operation[0] (IN)
                         net (fo=0)                   0.000     0.000    control_operation[0]
    H11                  IBUF (Prop_ibuf_I_O)         0.146     0.146 r  control_operation_IBUF[0]_inst/O
                         net (fo=25, routed)          0.656     0.802    negater/control_operation_IBUF[0]
    SLICE_X0Y37          LUT6 (Prop_lut6_I4_O)        0.045     0.847 r  negater/out[2][5]_INST_0_i_1/O
                         net (fo=2, routed)           0.695     1.542    out[2]_OBUF[5]
    E12                  OBUF (Prop_obuf_I_O)         1.136     2.678 r  out[2][5]_INST_0/O
                         net (fo=0)                   0.000     2.678    out[2][5]
    E12                                                               r  out[2][5] (OUT)
  -------------------------------------------------------------------    -------------------

Slack:                    inf
  Source:                 control_operation[0]
                            (input port)
  Destination:            out[2][2]
                            (output port)
  Path Group:             (none)
  Path Type:              Min at Fast Process Corner
  Data Path Delay:        2.718ns  (logic 1.311ns (48.247%)  route 1.406ns (51.753%))
  Logic Levels:           3  (IBUF=1 LUT4=1 OBUF=1)

    Location             Delay type                Incr(ns)  Path(ns)    Netlist Resource(s)
  -------------------------------------------------------------------    -------------------
    H11                                               0.000     0.000 r  control_operation[0] (IN)
                         net (fo=0)                   0.000     0.000    control_operation[0]
    H11                  IBUF (Prop_ibuf_I_O)         0.146     0.146 r  control_operation_IBUF[0]_inst/O
                         net (fo=25, routed)          0.634     0.780    add/control_operation_IBUF[0]
    SLICE_X0Y37          LUT4 (Prop_lut4_I2_O)        0.045     0.825 r  add/out[2][2]_INST_0_i_1/O
                         net (fo=2, routed)           0.773     1.598    out[2]_OBUF[2]
    D15                  OBUF (Prop_obuf_I_O)         1.120     2.718 r  out[2][2]_INST_0/O
                         net (fo=0)                   0.000     2.718    out[2][2]
    D15                                                               r  out[2][2] (OUT)
  -------------------------------------------------------------------    -------------------

Slack:                    inf
  Source:                 A[0][4]
                            (input port)
  Destination:            out[0][4]
                            (output port)
  Path Group:             (none)
  Path Type:              Min at Fast Process Corner
  Data Path Delay:        2.734ns  (logic 1.336ns (48.877%)  route 1.398ns (51.123%))
  Logic Levels:           3  (IBUF=1 LUT6=1 OBUF=1)

    Location             Delay type                Incr(ns)  Path(ns)    Netlist Resource(s)
  -------------------------------------------------------------------    -------------------
    P6                                                0.000     0.000 r  A[0][4] (IN)
                         net (fo=0)                   0.000     0.000    A[0][4]
    P6                   IBUF (Prop_ibuf_I_O)         0.185     0.185 r  out[0][4]_INST_0_i_3/O
                         net (fo=3, routed)           0.752     0.938    negater/out[0][6]_0[0]
    SLICE_X0Y26          LUT6 (Prop_lut6_I5_O)        0.045     0.983 r  negater/out[0][4]_INST_0_i_1/O
                         net (fo=2, routed)           0.646     1.628    out[0]_OBUF[4]
    J12                  OBUF (Prop_obuf_I_O)         1.106     2.734 r  out[0][4]_INST_0/O
                         net (fo=0)                   0.000     2.734    out[0][4]
    J12                                                               r  out[0][4] (OUT)
  -------------------------------------------------------------------    -------------------

Slack:                    inf
  Source:                 A[2][0]
                            (input port)
  Destination:            out[2][0]
                            (output port)
  Path Group:             (none)
  Path Type:              Min at Fast Process Corner
  Data Path Delay:        2.737ns  (logic 1.365ns (49.860%)  route 1.372ns (50.140%))
  Logic Levels:           3  (IBUF=1 LUT3=1 OBUF=1)

    Location             Delay type                Incr(ns)  Path(ns)    Netlist Resource(s)
  -------------------------------------------------------------------    -------------------
    R11                                               0.000     0.000 r  A[2][0] (IN)
                         net (fo=0)                   0.000     0.000    A[2][0]
    R11                  IBUF (Prop_ibuf_I_O)         0.199     0.199 r  out[2][0]_INST_0_i_2/O
                         net (fo=4, routed)           0.711     0.910    add/out[2][0]
    SLICE_X0Y35          LUT3 (Prop_lut3_I2_O)        0.045     0.955 r  add/out[2][0]_INST_0_i_1/O
                         net (fo=1, routed)           0.662     1.616    out[2]_OBUF[0]
    F15                  OBUF (Prop_obuf_I_O)         1.121     2.737 r  out[2][0]_INST_0/O
                         net (fo=0)                   0.000     2.737    out[2][0]
    F15                                                               r  out[2][0] (OUT)
  -------------------------------------------------------------------    -------------------

Slack:                    inf
  Source:                 A[1][6]
                            (input port)
  Destination:            out[1][6]
                            (output port)
  Path Group:             (none)
  Path Type:              Min at Fast Process Corner
  Data Path Delay:        2.738ns  (logic 1.382ns (50.496%)  route 1.355ns (49.504%))
  Logic Levels:           3  (IBUF=1 LUT4=1 OBUF=1)

    Location             Delay type                Incr(ns)  Path(ns)    Netlist Resource(s)
  -------------------------------------------------------------------    -------------------
    R12                                               0.000     0.000 r  A[1][6] (IN)
                         net (fo=0)                   0.000     0.000    A[1][6]
    R12                  IBUF (Prop_ibuf_I_O)         0.202     0.202 r  out[1][6]_INST_0_i_3/O
                         net (fo=3, routed)           0.701     0.904    negater/out[1][6]
    SLICE_X1Y31          LUT4 (Prop_lut4_I3_O)        0.045     0.949 r  negater/out[1][6]_INST_0_i_1/O
                         net (fo=1, routed)           0.654     1.602    out[1]_OBUF[6]
    F14                  OBUF (Prop_obuf_I_O)         1.135     2.738 r  out[1][6]_INST_0/O
                         net (fo=0)                   0.000     2.738    out[1][6]
    F14                                                               r  out[1][6] (OUT)
  -------------------------------------------------------------------    -------------------

Slack:                    inf
  Source:                 A[1][1]
                            (input port)
  Destination:            out[1][1]
                            (output port)
  Path Group:             (none)
  Path Type:              Min at Fast Process Corner
  Data Path Delay:        2.767ns  (logic 1.399ns (50.555%)  route 1.368ns (49.445%))
  Logic Levels:           3  (IBUF=1 LUT3=1 OBUF=1)

    Location             Delay type                Incr(ns)  Path(ns)    Netlist Resource(s)
  -------------------------------------------------------------------    -------------------
    N8                                                0.000     0.000 r  A[1][1] (IN)
                         net (fo=0)                   0.000     0.000    A[1][1]
    N8                   IBUF (Prop_ibuf_I_O)         0.220     0.220 r  out[1][1]_INST_0_i_2/O
                         net (fo=5, routed)           0.760     0.979    add/out[1][1]
    SLICE_X0Y30          LUT3 (Prop_lut3_I2_O)        0.045     1.024 r  add/out[1][1]_INST_0_i_1/O
                         net (fo=1, routed)           0.609     1.633    out[1]_OBUF[1]
    G12                  OBUF (Prop_obuf_I_O)         1.134     2.767 r  out[1][1]_INST_0/O
                         net (fo=0)                   0.000     2.767    out[1][1]
    G12                                                               r  out[1][1] (OUT)
  -------------------------------------------------------------------    -------------------

Slack:                    inf
  Source:                 A[1][5]
                            (input port)
  Destination:            out[1][5]
                            (output port)
  Path Group:             (none)
  Path Type:              Min at Fast Process Corner
  Data Path Delay:        2.781ns  (logic 1.378ns (49.559%)  route 1.403ns (50.441%))
  Logic Levels:           3  (IBUF=1 LUT4=1 OBUF=1)

    Location             Delay type                Incr(ns)  Path(ns)    Netlist Resource(s)
  -------------------------------------------------------------------    -------------------
    M7                                                0.000     0.000 r  A[1][5] (IN)
                         net (fo=0)                   0.000     0.000    A[1][5]
    M7                   IBUF (Prop_ibuf_I_O)         0.200     0.200 r  out[1][5]_INST_0_i_2/O
                         net (fo=4, routed)           0.800     1.000    negater/out[1][5]
    SLICE_X0Y31          LUT4 (Prop_lut4_I3_O)        0.045     1.045 r  negater/out[1][5]_INST_0_i_1/O
                         net (fo=1, routed)           0.603     1.648    out[1]_OBUF[5]
    E15                  OBUF (Prop_obuf_I_O)         1.133     2.781 r  out[1][5]_INST_0/O
                         net (fo=0)                   0.000     2.781    out[1][5]
    E15                                                               r  out[1][5] (OUT)
  -------------------------------------------------------------------    -------------------

Slack:                    inf
  Source:                 A[0][6]
                            (input port)
  Destination:            out[0][6]
                            (output port)
  Path Group:             (none)
  Path Type:              Min at Fast Process Corner
  Data Path Delay:        2.784ns  (logic 1.363ns (48.977%)  route 1.420ns (51.023%))
  Logic Levels:           3  (IBUF=1 LUT5=1 OBUF=1)

    Location             Delay type                Incr(ns)  Path(ns)    Netlist Resource(s)
  -------------------------------------------------------------------    -------------------
    R7                                                0.000     0.000 r  A[0][6] (IN)
                         net (fo=0)                   0.000     0.000    A[0][6]
    R7                   IBUF (Prop_ibuf_I_O)         0.191     0.191 r  out[0][6]_INST_0_i_2/O
                         net (fo=3, routed)           0.767     0.958    negater/out[0][6]_0[2]
    SLICE_X0Y27          LUT5 (Prop_lut5_I0_O)        0.045     1.003 r  negater/out[0][6]_INST_0_i_1/O
                         net (fo=2, routed)           0.653     1.656    out[0]_OBUF[6]
    H14                  OBUF (Prop_obuf_I_O)         1.127     2.784 r  out[0][6]_INST_0/O
                         net (fo=0)                   0.000     2.784    out[0][6]
    H14                                                               r  out[0][6] (OUT)
  -------------------------------------------------------------------    -------------------





