Copyright 1986-2022 Xilinx, Inc. All Rights Reserved. Copyright 2022-2024 Advanced Micro Devices, Inc. All Rights Reserved.
----------------------------------------------------------------------------------------------------------------------------------------------------------
| Tool Version              : Vivado v.2023.2.2 (lin64) Build 4126759 Thu Feb  8 23:52:05 MST 2024
| Date                      : Sun Jun  2 18:57:24 2024
| Host                      : BSERVER05 running 64-bit Linux Mint 21.3
| Command                   : report_io -file register_file_io_placed.rpt
| Design                    : register_file
| Device                    : xc7s25
| Speed File                : -1
| Package                   : csga225
| Package Version           : PRODUCTION 1.1 11/06/2017
| Package Pin Delay Version : PRODUCTION 1.0 6/27/2017
----------------------------------------------------------------------------------------------------------------------------------------------------------

IO Information

Table of Contents
-----------------
1. Summary
2. IO Assignments by Package Pin

1. Summary
----------

+---------------+
| Total User IO |
+---------------+
|            87 |
+---------------+


2. IO Assignments by Package Pin
--------------------------------

+------------+-----------------+------------+------------------------------+-------------+-------------+---------+------------+------+---------------------+----------------------+---------+------------+-----------+----------+------+------------------+--------------+-------------------+--------------+
| Pin Number | Signal Name     | Bank Type  | Pin Name                     | Use         | IO Standard | IO Bank | Drive (mA) | Slew | On-Chip Termination | Off-Chip Termination | Voltage | Constraint | Pull Type | DQS Bias | Vref | Signal Integrity | Pre Emphasis | Lvds Pre Emphasis | Equalization |
+------------+-----------------+------------+------------------------------+-------------+-------------+---------+------------+------+---------------------+----------------------+---------+------------+-----------+----------+------+------------------+--------------+-------------------+--------------+
| A1         |                 |            | GND                          | GND         |             |         |            |      |                     |                      |     0.0 |            |           |          |      |                  |              |                   |              |
| A2         |                 | High Range | IO_L2N_T0_34                 | User IO     |             |      34 |            |      |                     |                      |         |            |           |          |      |                  |              |                   |              |
| A3         |                 | High Range | IO_L1N_T0_34                 | User IO     |             |      34 |            |      |                     |                      |         |            |           |          |      |                  |              |                   |              |
| A4         |                 | High Range | IO_L1P_T0_34                 | User IO     |             |      34 |            |      |                     |                      |         |            |           |          |      |                  |              |                   |              |
| A5         | writeReg[0]     | High Range | IO_L5P_T0_AD2P_15            | INPUT       | LVCMOS18*   |      15 |            |      |                     |                 NONE |         | UNFIXED    |           |          |      | NONE             |              |                   |              |
| A6         | read2[1]        | High Range | IO_L5N_T0_AD2N_15            | INPUT       | LVCMOS18*   |      15 |            |      |                     |                 NONE |         | UNFIXED    |           |          |      | NONE             |              |                   |              |
| A7         | WriteIP         | High Range | IO_L3N_T0_DQS_AD1N_15        | INPUT       | LVCMOS18*   |      15 |            |      |                     |                 NONE |         | UNFIXED    |           |          |      | NONE             |              |                   |              |
| A8         | read2[0]        | High Range | IO_L6P_T0_15                 | INPUT       | LVCMOS18*   |      15 |            |      |                     |                 NONE |         | UNFIXED    |           |          |      | NONE             |              |                   |              |
| A9         | read1[1]        | High Range | IO_L6N_T0_VREF_15            | INPUT       | LVCMOS18*   |      15 |            |      |                     |                 NONE |         | UNFIXED    |           |          |      | NONE             |              |                   |              |
| A10        | newIP[2]        | High Range | IO_L9N_T1_DQS_AD11N_15       | INPUT       | LVCMOS18*   |      15 |            |      |                     |                 NONE |         | UNFIXED    |           |          |      | NONE             |              |                   |              |
| A11        | running         | High Range | IO_L11P_T1_SRCC_AD12P_15     | OUTPUT      | LVCMOS18*   |      15 |         12 | SLOW |                     |            FP_VTT_50 |         | UNFIXED    |           |          |      | NONE             |              |                   |              |
| A12        | IP[6]           | High Range | IO_L11N_T1_SRCC_AD12N_15     | OUTPUT      | LVCMOS18*   |      15 |         12 | SLOW |                     |            FP_VTT_50 |         | UNFIXED    |           |          |      | NONE             |              |                   |              |
| A13        | IP[5]           | High Range | IO_L12P_T1_MRCC_AD5P_15      | OUTPUT      | LVCMOS18*   |      15 |         12 | SLOW |                     |            FP_VTT_50 |         | UNFIXED    |           |          |      | NONE             |              |                   |              |
| A14        | IP[4]           | High Range | IO_L12N_T1_MRCC_AD5N_15      | OUTPUT      | LVCMOS18*   |      15 |         12 | SLOW |                     |            FP_VTT_50 |         | UNFIXED    |           |          |      | NONE             |              |                   |              |
| A15        |                 |            | GND                          | GND         |             |         |            |      |                     |                      |     0.0 |            |           |          |      |                  |              |                   |              |
| B1         | writeData[2][6] | High Range | IO_L4N_T0_34                 | INPUT       | LVCMOS18*   |      34 |            |      |                     |                 NONE |         | UNFIXED    |           |          |      | NONE             |              |                   |              |
| B2         |                 | High Range | IO_L2P_T0_34                 | User IO     |             |      34 |            |      |                     |                      |         |            |           |          |      |                  |              |                   |              |
| B3         |                 | High Range | IO_L3N_T0_DQS_34             | User IO     |             |      34 |            |      |                     |                      |         |            |           |          |      |                  |              |                   |              |
| B4         |                 | High Range | IO_L3P_T0_DQS_34             | User IO     |             |      34 |            |      |                     |                      |         |            |           |          |      |                  |              |                   |              |
| B5         | writeData[2][4] | High Range | IO_L5N_T0_34                 | INPUT       | LVCMOS18*   |      34 |            |      |                     |                 NONE |         | UNFIXED    |           |          |      | NONE             |              |                   |              |
| B6         |                 | High Range | IO_L3P_T0_DQS_AD1P_15        | User IO     |             |      15 |            |      |                     |                      |         |            |           |          |      |                  |              |                   |              |
| B7         |                 | High Range | VCCO_15                      | VCCO        |             |      15 |            |      |                     |                      |    1.80 |            |           |          |      |                  |              |                   |              |
| B8         |                 |            | GND                          | GND         |             |         |            |      |                     |                      |     0.0 |            |           |          |      |                  |              |                   |              |
| B9         | newIP[3]        | High Range | IO_L9P_T1_DQS_AD11P_15       | INPUT       | LVCMOS18*   |      15 |            |      |                     |                 NONE |         | UNFIXED    |           |          |      | NONE             |              |                   |              |
| B10        | newIP[4]        | High Range | IO_L8N_T1_AD3N_15            | INPUT       | LVCMOS18*   |      15 |            |      |                     |                 NONE |         | UNFIXED    |           |          |      | NONE             |              |                   |              |
| B11        | newIP[1]        | High Range | IO_L10P_T1_AD4P_15           | INPUT       | LVCMOS18*   |      15 |            |      |                     |                 NONE |         | UNFIXED    |           |          |      | NONE             |              |                   |              |
| B12        | newIP[0]        | High Range | IO_L10N_T1_AD4N_15           | INPUT       | LVCMOS18*   |      15 |            |      |                     |                 NONE |         | UNFIXED    |           |          |      | NONE             |              |                   |              |
| B13        | IP[3]           | High Range | IO_L13P_T2_MRCC_15           | OUTPUT      | LVCMOS18*   |      15 |         12 | SLOW |                     |            FP_VTT_50 |         | UNFIXED    |           |          |      | NONE             |              |                   |              |
| B14        | IP[2]           | High Range | IO_L13N_T2_MRCC_15           | OUTPUT      | LVCMOS18*   |      15 |         12 | SLOW |                     |            FP_VTT_50 |         | UNFIXED    |           |          |      | NONE             |              |                   |              |
| B15        | IP[0]           | High Range | IO_L14N_T2_SRCC_15           | OUTPUT      | LVCMOS18*   |      15 |         12 | SLOW |                     |            FP_VTT_50 |         | UNFIXED    |           |          |      | NONE             |              |                   |              |
| C1         |                 | High Range | IO_L4P_T0_34                 | User IO     |             |      34 |            |      |                     |                      |         |            |           |          |      |                  |              |                   |              |
| C2         |                 |            | GND                          | GND         |             |         |            |      |                     |                      |     0.0 |            |           |          |      |                  |              |                   |              |
| C3         |                 | High Range | VCCO_34                      | VCCO        |             |      34 |            |      |                     |                      |    1.80 |            |           |          |      |                  |              |                   |              |
| C4         | writeData[2][0] | High Range | IO_L7N_T1_34                 | INPUT       | LVCMOS18*   |      34 |            |      |                     |                 NONE |         | UNFIXED    |           |          |      | NONE             |              |                   |              |
| C5         | writeData[2][5] | High Range | IO_L5P_T0_34                 | INPUT       | LVCMOS18*   |      34 |            |      |                     |                 NONE |         | UNFIXED    |           |          |      | NONE             |              |                   |              |
| C6         |                 | High Range | IO_L1P_T0_AD0P_15            | User IO     |             |      15 |            |      |                     |                      |         |            |           |          |      |                  |              |                   |              |
| C7         |                 | High Range | IO_L1N_T0_AD0N_15            | User IO     |             |      15 |            |      |                     |                      |         |            |           |          |      |                  |              |                   |              |
| C8         | RegWrite        | High Range | IO_L4P_T0_AD9P_15            | INPUT       | LVCMOS18*   |      15 |            |      |                     |                 NONE |         | UNFIXED    |           |          |      | NONE             |              |                   |              |
| C9         | writeReg[1]     | High Range | IO_L4N_T0_AD9N_15            | INPUT       | LVCMOS18*   |      15 |            |      |                     |                 NONE |         | UNFIXED    |           |          |      | NONE             |              |                   |              |
| C10        | newIP[5]        | High Range | IO_L8P_T1_AD3P_15            | INPUT       | LVCMOS18*   |      15 |            |      |                     |                 NONE |         | UNFIXED    |           |          |      | NONE             |              |                   |              |
| C11        |                 | High Range | VCCO_15                      | VCCO        |             |      15 |            |      |                     |                      |    1.80 |            |           |          |      |                  |              |                   |              |
| C12        |                 |            | GND                          | GND         |             |         |            |      |                     |                      |     0.0 |            |           |          |      |                  |              |                   |              |
| C13        | Data1[2][6]     | High Range | IO_L15P_T2_DQS_15            | OUTPUT      | LVCMOS18*   |      15 |         12 | SLOW |                     |            FP_VTT_50 |         | UNFIXED    |           |          |      | NONE             |              |                   |              |
| C14        | Data1[2][5]     | High Range | IO_L15N_T2_DQS_15            | OUTPUT      | LVCMOS18*   |      15 |         12 | SLOW |                     |            FP_VTT_50 |         | UNFIXED    |           |          |      | NONE             |              |                   |              |
| C15        | IP[1]           | High Range | IO_L14P_T2_SRCC_15           | OUTPUT      | LVCMOS18*   |      15 |         12 | SLOW |                     |            FP_VTT_50 |         | UNFIXED    |           |          |      | NONE             |              |                   |              |
| D1         | writeData[2][2] | High Range | IO_L6N_T0_VREF_34            | INPUT       | LVCMOS18*   |      34 |            |      |                     |                 NONE |         | UNFIXED    |           |          |      | NONE             |              |                   |              |
| D2         | writeData[2][3] | High Range | IO_L6P_T0_34                 | INPUT       | LVCMOS18*   |      34 |            |      |                     |                 NONE |         | UNFIXED    |           |          |      | NONE             |              |                   |              |
| D3         | writeData[1][3] | High Range | IO_L9N_T1_DQS_34             | INPUT       | LVCMOS18*   |      34 |            |      |                     |                 NONE |         | UNFIXED    |           |          |      | NONE             |              |                   |              |
| D4         | writeData[2][1] | High Range | IO_L7P_T1_34                 | INPUT       | LVCMOS18*   |      34 |            |      |                     |                 NONE |         | UNFIXED    |           |          |      | NONE             |              |                   |              |
| D5         |                 | Dedicated  | VCCBATT_0                    | Config      |             |       0 |            |      |                     |                      |         |            |           |          |      |                  |              |                   |              |
| D6         |                 |            | GND                          | GND         |             |         |            |      |                     |                      |     0.0 |            |           |          |      |                  |              |                   |              |
| D7         |                 | High Range | IO_L2P_T0_AD8P_15            | User IO     |             |      15 |            |      |                     |                      |         |            |           |          |      |                  |              |                   |              |
| D8         |                 | High Range | IO_L2N_T0_AD8N_15            | User IO     |             |      15 |            |      |                     |                      |         |            |           |          |      |                  |              |                   |              |
| D9         | read1[0]        | High Range | IO_L7P_T1_AD10P_15           | INPUT       | LVCMOS18*   |      15 |            |      |                     |                 NONE |         | UNFIXED    |           |          |      | NONE             |              |                   |              |
| D10        | newIP[6]        | High Range | IO_L7N_T1_AD10N_15           | INPUT       | LVCMOS18*   |      15 |            |      |                     |                 NONE |         | UNFIXED    |           |          |      | NONE             |              |                   |              |
| D11        |                 | High Range | IO_0_15                      | User IO     |             |      15 |            |      |                     |                      |         |            |           |          |      |                  |              |                   |              |
| D12        | Data1[2][4]     | High Range | IO_L16P_T2_15                | OUTPUT      | LVCMOS18*   |      15 |         12 | SLOW |                     |            FP_VTT_50 |         | UNFIXED    |           |          |      | NONE             |              |                   |              |
| D13        | Data1[2][3]     | High Range | IO_L16N_T2_15                | OUTPUT      | LVCMOS18*   |      15 |         12 | SLOW |                     |            FP_VTT_50 |         | UNFIXED    |           |          |      | NONE             |              |                   |              |
| D14        |                 |            | GND                          | GND         |             |         |            |      |                     |                      |     0.0 |            |           |          |      |                  |              |                   |              |
| D15        | Data1[1][4]     | High Range | IO_L19N_T3_VREF_15           | OUTPUT      | LVCMOS18*   |      15 |         12 | SLOW |                     |            FP_VTT_50 |         | UNFIXED    |           |          |      | NONE             |              |                   |              |
| E1         | writeData[1][5] | High Range | IO_L8N_T1_34                 | INPUT       | LVCMOS18*   |      34 |            |      |                     |                 NONE |         | UNFIXED    |           |          |      | NONE             |              |                   |              |
| E2         | writeData[1][6] | High Range | IO_L8P_T1_34                 | INPUT       | LVCMOS18*   |      34 |            |      |                     |                 NONE |         | UNFIXED    |           |          |      | NONE             |              |                   |              |
| E3         | writeData[1][4] | High Range | IO_L9P_T1_DQS_34             | INPUT       | LVCMOS18*   |      34 |            |      |                     |                 NONE |         | UNFIXED    |           |          |      | NONE             |              |                   |              |
| E4         |                 |            | GND                          | GND         |             |         |            |      |                     |                      |     0.0 |            |           |          |      |                  |              |                   |              |
| E5         |                 | Dedicated  | TCK_0                        | Config      |             |       0 |            |      |                     |                      |         |            |           |          |      |                  |              |                   |              |
| E6         |                 | Dedicated  | VCCO_0                       | VCCO        |             |       0 |            |      |                     |                      |   any** |            |           |          |      |                  |              |                   |              |
| E7         |                 |            | GND                          | GND         |             |         |            |      |                     |                      |     0.0 |            |           |          |      |                  |              |                   |              |
| E8         |                 |            | VCCINT                       | VCCINT      |             |         |            |      |                     |                      |         |            |           |          |      |                  |              |                   |              |
| E9         |                 |            | GND                          | GND         |             |         |            |      |                     |                      |     0.0 |            |           |          |      |                  |              |                   |              |
| E10        |                 |            | VCCINT                       | VCCINT      |             |         |            |      |                     |                      |         |            |           |          |      |                  |              |                   |              |
| E11        | Data1[2][1]     | High Range | IO_L17N_T2_15                | OUTPUT      | LVCMOS18*   |      15 |         12 | SLOW |                     |            FP_VTT_50 |         | UNFIXED    |           |          |      | NONE             |              |                   |              |
| E12        | Data1[2][0]     | High Range | IO_L18P_T2_15                | OUTPUT      | LVCMOS18*   |      15 |         12 | SLOW |                     |            FP_VTT_50 |         | UNFIXED    |           |          |      | NONE             |              |                   |              |
| E13        | Data1[1][6]     | High Range | IO_L18N_T2_15                | OUTPUT      | LVCMOS18*   |      15 |         12 | SLOW |                     |            FP_VTT_50 |         | UNFIXED    |           |          |      | NONE             |              |                   |              |
| E14        | Data1[1][5]     | High Range | IO_L19P_T3_15                | OUTPUT      | LVCMOS18*   |      15 |         12 | SLOW |                     |            FP_VTT_50 |         | UNFIXED    |           |          |      | NONE             |              |                   |              |
| E15        | Data1[1][0]     | High Range | IO_L21N_T3_DQS_15            | OUTPUT      | LVCMOS18*   |      15 |         12 | SLOW |                     |            FP_VTT_50 |         | UNFIXED    |           |          |      | NONE             |              |                   |              |
| F1         | writeData[1][1] | High Range | IO_L10N_T1_34                | INPUT       | LVCMOS18*   |      34 |            |      |                     |                 NONE |         | UNFIXED    |           |          |      | NONE             |              |                   |              |
| F2         | writeData[1][2] | High Range | IO_L10P_T1_34                | INPUT       | LVCMOS18*   |      34 |            |      |                     |                 NONE |         | UNFIXED    |           |          |      | NONE             |              |                   |              |
| F3         | writeData[0][6] | High Range | IO_L11N_T1_SRCC_34           | INPUT       | LVCMOS18*   |      34 |            |      |                     |                 NONE |         | UNFIXED    |           |          |      | NONE             |              |                   |              |
| F4         | writeData[1][0] | High Range | IO_L11P_T1_SRCC_34           | INPUT       | LVCMOS18*   |      34 |            |      |                     |                 NONE |         | UNFIXED    |           |          |      | NONE             |              |                   |              |
| F5         |                 | Dedicated  | CCLK_0                       | Config      |             |       0 |            |      |                     |                      |         |            |           |          |      |                  |              |                   |              |
| F6         |                 |            | GND                          | GND         |             |         |            |      |                     |                      |     0.0 |            |           |          |      |                  |              |                   |              |
| F7         |                 |            | VCCINT                       | VCCINT      |             |         |            |      |                     |                      |         |            |           |          |      |                  |              |                   |              |
| F8         |                 | Dedicated  | GNDADC_0                     | XADC        |             |       0 |            |      |                     |                      |         |            |           |          |      |                  |              |                   |              |
| F9         |                 | Dedicated  | VCCADC_0                     | XADC        |             |       0 |            |      |                     |                      |         |            |           |          |      |                  |              |                   |              |
| F10        |                 |            | GND                          | GND         |             |         |            |      |                     |                      |     0.0 |            |           |          |      |                  |              |                   |              |
| F11        | Data1[2][2]     | High Range | IO_L17P_T2_15                | OUTPUT      | LVCMOS18*   |      15 |         12 | SLOW |                     |            FP_VTT_50 |         | UNFIXED    |           |          |      | NONE             |              |                   |              |
| F12        |                 | High Range | VCCO_15                      | VCCO        |             |      15 |            |      |                     |                      |    1.80 |            |           |          |      |                  |              |                   |              |
| F13        |                 |            | GND                          | GND         |             |         |            |      |                     |                      |     0.0 |            |           |          |      |                  |              |                   |              |
| F14        | Data1[1][1]     | High Range | IO_L21P_T3_DQS_15            | OUTPUT      | LVCMOS18*   |      15 |         12 | SLOW |                     |            FP_VTT_50 |         | UNFIXED    |           |          |      | NONE             |              |                   |              |
| F15        | Data1[1][2]     | High Range | IO_L20N_T3_15                | OUTPUT      | LVCMOS18*   |      15 |         12 | SLOW |                     |            FP_VTT_50 |         | UNFIXED    |           |          |      | NONE             |              |                   |              |
| G1         | writeData[0][4] | High Range | IO_L12N_T1_MRCC_34           | INPUT       | LVCMOS18*   |      34 |            |      |                     |                 NONE |         | UNFIXED    |           |          |      | NONE             |              |                   |              |
| G2         |                 | High Range | VCCO_34                      | VCCO        |             |      34 |            |      |                     |                      |    1.80 |            |           |          |      |                  |              |                   |              |
| G3         |                 |            | GND                          | GND         |             |         |            |      |                     |                      |     0.0 |            |           |          |      |                  |              |                   |              |
| G4         |                 | High Range | IO_0_34                      | User IO     |             |      34 |            |      |                     |                      |         |            |           |          |      |                  |              |                   |              |
| G5         |                 | Dedicated  | DONE_0                       | Config      |             |       0 |            |      |                     |                      |         |            |           |          |      |                  |              |                   |              |
| G6         |                 |            | VCCBRAM                      | VCCBRAM     |             |         |            |      |                     |                      |         |            |           |          |      |                  |              |                   |              |
| G7         |                 |            | GND                          | GND         |             |         |            |      |                     |                      |     0.0 |            |           |          |      |                  |              |                   |              |
| G8         |                 | Dedicated  | VREFN_0                      | XADC        |             |       0 |            |      |                     |                      |         |            |           |          |      |                  |              |                   |              |
| G9         |                 | Dedicated  | VP_0                         | XADC        |             |       0 |            |      |                     |                      |         |            |           |          |      |                  |              |                   |              |
| G10        |                 |            | VCCINT                       | VCCINT      |             |         |            |      |                     |                      |         |            |           |          |      |                  |              |                   |              |
| G11        | Data1[0][4]     | High Range | IO_L23P_T3_15                | OUTPUT      | LVCMOS18*   |      15 |         12 | SLOW |                     |            FP_VTT_50 |         | UNFIXED    |           |          |      | NONE             |              |                   |              |
| G12        | Data1[0][3]     | High Range | IO_L23N_T3_15                | OUTPUT      | LVCMOS18*   |      15 |         12 | SLOW |                     |            FP_VTT_50 |         | UNFIXED    |           |          |      | NONE             |              |                   |              |
| G13        | Data1[0][6]     | High Range | IO_L22P_T3_15                | OUTPUT      | LVCMOS18*   |      15 |         12 | SLOW |                     |            FP_VTT_50 |         | UNFIXED    |           |          |      | NONE             |              |                   |              |
| G14        | Data1[0][5]     | High Range | IO_L22N_T3_15                | OUTPUT      | LVCMOS18*   |      15 |         12 | SLOW |                     |            FP_VTT_50 |         | UNFIXED    |           |          |      | NONE             |              |                   |              |
| G15        | Data1[1][3]     | High Range | IO_L20P_T3_15                | OUTPUT      | LVCMOS18*   |      15 |         12 | SLOW |                     |            FP_VTT_50 |         | UNFIXED    |           |          |      | NONE             |              |                   |              |
| H1         | writeData[0][5] | High Range | IO_L12P_T1_MRCC_34           | INPUT       | LVCMOS18*   |      34 |            |      |                     |                 NONE |         | UNFIXED    |           |          |      | NONE             |              |                   |              |
| H2         | writeData[0][0] | High Range | IO_L14N_T2_SRCC_34           | INPUT       | LVCMOS18*   |      34 |            |      |                     |                 NONE |         | UNFIXED    |           |          |      | NONE             |              |                   |              |
| H3         | writeData[0][2] | High Range | IO_L13N_T2_MRCC_34           | INPUT       | LVCMOS18*   |      34 |            |      |                     |                 NONE |         | UNFIXED    |           |          |      | NONE             |              |                   |              |
| H4         | writeData[0][3] | High Range | IO_L13P_T2_MRCC_34           | INPUT       | LVCMOS18*   |      34 |            |      |                     |                 NONE |         | UNFIXED    |           |          |      | NONE             |              |                   |              |
| H5         |                 | Dedicated  | CFGBVS_0                     | Config      |             |       0 |            |      |                     |                      |         |            |           |          |      |                  |              |                   |              |
| H6         |                 |            | GND                          | GND         |             |         |            |      |                     |                      |     0.0 |            |           |          |      |                  |              |                   |              |
| H7         |                 |            | VCCINT                       | VCCINT      |             |         |            |      |                     |                      |         |            |           |          |      |                  |              |                   |              |
| H8         |                 | Dedicated  | VN_0                         | XADC        |             |       0 |            |      |                     |                      |         |            |           |          |      |                  |              |                   |              |
| H9         |                 | Dedicated  | VREFP_0                      | XADC        |             |       0 |            |      |                     |                      |         |            |           |          |      |                  |              |                   |              |
| H10        |                 |            | GND                          | GND         |             |         |            |      |                     |                      |     0.0 |            |           |          |      |                  |              |                   |              |
| H11        | Data1[0][0]     | High Range | IO_25_15                     | OUTPUT      | LVCMOS18*   |      15 |         12 | SLOW |                     |            FP_VTT_50 |         | UNFIXED    |           |          |      | NONE             |              |                   |              |
| H12        | Data1[0][2]     | High Range | IO_L24P_T3_RS1_15            | OUTPUT      | LVCMOS18*   |      15 |         12 | SLOW |                     |            FP_VTT_50 |         | UNFIXED    |           |          |      | NONE             |              |                   |              |
| H13        | Data1[0][1]     | High Range | IO_L24N_T3_RS0_15            | OUTPUT      | LVCMOS18*   |      15 |         12 | SLOW |                     |            FP_VTT_50 |         | UNFIXED    |           |          |      | NONE             |              |                   |              |
| H14        |                 | High Range | IO_L1P_T0_D00_MOSI_14        | User IO     |             |      14 |            |      |                     |                      |         |            |           |          |      |                  |              |                   |              |
| H15        |                 | High Range | IO_L1N_T0_D01_DIN_14         | User IO     |             |      14 |            |      |                     |                      |         |            |           |          |      |                  |              |                   |              |
| J1         | Data2[2][3]     | High Range | IO_L16N_T2_34                | OUTPUT      | LVCMOS18*   |      34 |         12 | SLOW |                     |            FP_VTT_50 |         | UNFIXED    |           |          |      | NONE             |              |                   |              |
| J2         | writeData[0][1] | High Range | IO_L14P_T2_SRCC_34           | INPUT       | LVCMOS18*   |      34 |            |      |                     |                 NONE |         | UNFIXED    |           |          |      | NONE             |              |                   |              |
| J3         | Data2[2][5]     | High Range | IO_L15N_T2_DQS_34            | OUTPUT      | LVCMOS18*   |      34 |         12 | SLOW |                     |            FP_VTT_50 |         | UNFIXED    |           |          |      | NONE             |              |                   |              |
| J4         | Data2[2][6]     | High Range | IO_L15P_T2_DQS_34            | OUTPUT      | LVCMOS18*   |      34 |         12 | SLOW |                     |            FP_VTT_50 |         | UNFIXED    |           |          |      | NONE             |              |                   |              |
| J5         |                 | Dedicated  | PROGRAM_B_0                  | Config      |             |       0 |            |      |                     |                      |         |            |           |          |      |                  |              |                   |              |
| J6         |                 |            | VCCBRAM                      | VCCBRAM     |             |         |            |      |                     |                      |         |            |           |          |      |                  |              |                   |              |
| J7         |                 |            | GND                          | GND         |             |         |            |      |                     |                      |     0.0 |            |           |          |      |                  |              |                   |              |
| J8         |                 | Dedicated  | DXN_0                        | Temp Sensor |             |       0 |            |      |                     |                      |         |            |           |          |      |                  |              |                   |              |
| J9         |                 | Dedicated  | DXP_0                        | Temp Sensor |             |       0 |            |      |                     |                      |         |            |           |          |      |                  |              |                   |              |
| J10        |                 |            | VCCINT                       | VCCINT      |             |         |            |      |                     |                      |         |            |           |          |      |                  |              |                   |              |
| J11        |                 | High Range | IO_0_14                      | User IO     |             |      14 |            |      |                     |                      |         |            |           |          |      |                  |              |                   |              |
| J12        |                 | High Range | IO_L2P_T0_D02_14             | User IO     |             |      14 |            |      |                     |                      |         |            |           |          |      |                  |              |                   |              |
| J13        |                 |            | GND                          | GND         |             |         |            |      |                     |                      |     0.0 |            |           |          |      |                  |              |                   |              |
| J14        |                 | High Range | VCCO_14                      | VCCO        |             |      14 |            |      |                     |                      |    3.30 |            |           |          |      |                  |              |                   |              |
| J15        |                 | High Range | IO_L5P_T0_D06_14             | User IO     |             |      14 |            |      |                     |                      |         |            |           |          |      |                  |              |                   |              |
| K1         | Data2[2][4]     | High Range | IO_L16P_T2_34                | OUTPUT      | LVCMOS18*   |      34 |         12 | SLOW |                     |            FP_VTT_50 |         | UNFIXED    |           |          |      | NONE             |              |                   |              |
| K2         | Data2[2][1]     | High Range | IO_L17N_T2_34                | OUTPUT      | LVCMOS18*   |      34 |         12 | SLOW |                     |            FP_VTT_50 |         | UNFIXED    |           |          |      | NONE             |              |                   |              |
| K3         | Data2[2][2]     | High Range | IO_L17P_T2_34                | OUTPUT      | LVCMOS18*   |      34 |         12 | SLOW |                     |            FP_VTT_50 |         | UNFIXED    |           |          |      | NONE             |              |                   |              |
| K4         |                 | Dedicated  | TDO_0                        | Config      |             |       0 |            |      |                     |                      |         |            |           |          |      |                  |              |                   |              |
| K5         |                 | Dedicated  | TMS_0                        | Config      |             |       0 |            |      |                     |                      |         |            |           |          |      |                  |              |                   |              |
| K6         |                 |            | GND                          | GND         |             |         |            |      |                     |                      |     0.0 |            |           |          |      |                  |              |                   |              |
| K7         |                 |            | VCCINT                       | VCCINT      |             |         |            |      |                     |                      |         |            |           |          |      |                  |              |                   |              |
| K8         |                 |            | GND                          | GND         |             |         |            |      |                     |                      |     0.0 |            |           |          |      |                  |              |                   |              |
| K9         |                 |            | VCCINT                       | VCCINT      |             |         |            |      |                     |                      |         |            |           |          |      |                  |              |                   |              |
| K10        |                 |            | GND                          | GND         |             |         |            |      |                     |                      |     0.0 |            |           |          |      |                  |              |                   |              |
| K11        |                 | High Range | IO_L3P_T0_DQS_PUDC_B_14      | User IO     |             |      14 |            |      |                     |                      |         |            |           |          |      |                  |              |                   |              |
| K12        |                 | High Range | IO_L3N_T0_DQS_EMCCLK_14      | User IO     |             |      14 |            |      |                     |                      |         |            |           |          |      |                  |              |                   |              |
| K13        |                 | High Range | IO_L2N_T0_D03_14             | User IO     |             |      14 |            |      |                     |                      |         |            |           |          |      |                  |              |                   |              |
| K14        |                 | High Range | IO_L4P_T0_D04_14             | User IO     |             |      14 |            |      |                     |                      |         |            |           |          |      |                  |              |                   |              |
| K15        |                 | High Range | IO_L5N_T0_D07_14             | User IO     |             |      14 |            |      |                     |                      |         |            |           |          |      |                  |              |                   |              |
| L1         | Data2[1][6]     | High Range | IO_L18N_T2_34                | OUTPUT      | LVCMOS18*   |      34 |         12 | SLOW |                     |            FP_VTT_50 |         | UNFIXED    |           |          |      | NONE             |              |                   |              |
| L2         |                 |            | GND                          | GND         |             |         |            |      |                     |                      |     0.0 |            |           |          |      |                  |              |                   |              |
| L3         |                 | High Range | VCCO_34                      | VCCO        |             |      34 |            |      |                     |                      |    1.80 |            |           |          |      |                  |              |                   |              |
| L4         |                 | Dedicated  | TDI_0                        | Config      |             |       0 |            |      |                     |                      |         |            |           |          |      |                  |              |                   |              |
| L5         |                 | Dedicated  | INIT_B_0                     | Config      |             |       0 |            |      |                     |                      |         |            |           |          |      |                  |              |                   |              |
| L6         |                 |            | VCCAUX                       | VCCAUX      |             |         |            |      |                     |                      |    1.80 |            |           |          |      |                  |              |                   |              |
| L7         |                 |            | GND                          | GND         |             |         |            |      |                     |                      |     0.0 |            |           |          |      |                  |              |                   |              |
| L8         |                 |            | VCCAUX                       | VCCAUX      |             |         |            |      |                     |                      |    1.80 |            |           |          |      |                  |              |                   |              |
| L9         |                 |            | GND                          | GND         |             |         |            |      |                     |                      |     0.0 |            |           |          |      |                  |              |                   |              |
| L10        |                 | High Range | IO_25_14                     | User IO     |             |      14 |            |      |                     |                      |         |            |           |          |      |                  |              |                   |              |
| L11        |                 | High Range | IO_L6P_T0_FCS_B_14           | User IO     |             |      14 |            |      |                     |                      |         |            |           |          |      |                  |              |                   |              |
| L12        |                 | High Range | IO_L6N_T0_D08_VREF_14        | User IO     |             |      14 |            |      |                     |                      |         |            |           |          |      |                  |              |                   |              |
| L13        |                 | High Range | IO_L7P_T1_D09_14             | User IO     |             |      14 |            |      |                     |                      |         |            |           |          |      |                  |              |                   |              |
| L14        |                 | High Range | IO_L7N_T1_D10_14             | User IO     |             |      14 |            |      |                     |                      |         |            |           |          |      |                  |              |                   |              |
| L15        |                 | High Range | IO_L4N_T0_D05_14             | User IO     |             |      14 |            |      |                     |                      |         |            |           |          |      |                  |              |                   |              |
| M1         | Data2[2][0]     | High Range | IO_L18P_T2_34                | OUTPUT      | LVCMOS18*   |      34 |         12 | SLOW |                     |            FP_VTT_50 |         | UNFIXED    |           |          |      | NONE             |              |                   |              |
| M2         | Data2[1][2]     | High Range | IO_L20N_T3_34                | OUTPUT      | LVCMOS18*   |      34 |         12 | SLOW |                     |            FP_VTT_50 |         | UNFIXED    |           |          |      | NONE             |              |                   |              |
| M3         | Data2[1][4]     | High Range | IO_L19N_T3_VREF_34           | OUTPUT      | LVCMOS18*   |      34 |         12 | SLOW |                     |            FP_VTT_50 |         | UNFIXED    |           |          |      | NONE             |              |                   |              |
| M4         | Data2[1][5]     | High Range | IO_L19P_T3_34                | OUTPUT      | LVCMOS18*   |      34 |         12 | SLOW |                     |            FP_VTT_50 |         | UNFIXED    |           |          |      | NONE             |              |                   |              |
| M5         |                 | Dedicated  | M0_0                         | Config      |             |       0 |            |      |                     |                      |         |            |           |          |      |                  |              |                   |              |
| M6         |                 | Dedicated  | M2_0                         | Config      |             |       0 |            |      |                     |                      |         |            |           |          |      |                  |              |                   |              |
| M7         |                 | High Range | IO_L19P_T3_D26_14            | User IO     |             |      14 |            |      |                     |                      |         |            |           |          |      |                  |              |                   |              |
| M8         |                 | High Range | IO_L19N_T3_D25_VREF_14       | User IO     |             |      14 |            |      |                     |                      |         |            |           |          |      |                  |              |                   |              |
| M9         | clk             | High Range | IO_L13P_T2_MRCC_14           | INPUT       | LVCMOS33    |      14 |            |      |                     |                 NONE |         | FIXED      |           |          |      | NONE             |              |                   |              |
| M10        |                 | High Range | IO_L13N_T2_MRCC_14           | User IO     |             |      14 |            |      |                     |                      |         |            |           |          |      |                  |              |                   |              |
| M11        |                 |            | GND                          | GND         |             |         |            |      |                     |                      |     0.0 |            |           |          |      |                  |              |                   |              |
| M12        |                 | High Range | VCCO_14                      | VCCO        |             |      14 |            |      |                     |                      |    3.30 |            |           |          |      |                  |              |                   |              |
| M13        |                 | High Range | IO_L8P_T1_D11_14             | User IO     |             |      14 |            |      |                     |                      |         |            |           |          |      |                  |              |                   |              |
| M14        |                 | High Range | IO_L9P_T1_DQS_14             | User IO     |             |      14 |            |      |                     |                      |         |            |           |          |      |                  |              |                   |              |
| M15        |                 | High Range | IO_L9N_T1_DQS_D13_14         | User IO     |             |      14 |            |      |                     |                      |         |            |           |          |      |                  |              |                   |              |
| N1         | Data2[0][5]     | High Range | IO_L22N_T3_34                | OUTPUT      | LVCMOS18*   |      34 |         12 | SLOW |                     |            FP_VTT_50 |         | UNFIXED    |           |          |      | NONE             |              |                   |              |
| N2         | Data2[1][3]     | High Range | IO_L20P_T3_34                | OUTPUT      | LVCMOS18*   |      34 |         12 | SLOW |                     |            FP_VTT_50 |         | UNFIXED    |           |          |      | NONE             |              |                   |              |
| N3         | Data2[1][0]     | High Range | IO_L21N_T3_DQS_34            | OUTPUT      | LVCMOS18*   |      34 |         12 | SLOW |                     |            FP_VTT_50 |         | UNFIXED    |           |          |      | NONE             |              |                   |              |
| N4         | Data2[0][0]     | High Range | IO_25_34                     | OUTPUT      | LVCMOS18*   |      34 |         12 | SLOW |                     |            FP_VTT_50 |         | UNFIXED    |           |          |      | NONE             |              |                   |              |
| N5         |                 | Dedicated  | M1_0                         | Config      |             |       0 |            |      |                     |                      |         |            |           |          |      |                  |              |                   |              |
| N6         |                 | High Range | IO_L20P_T3_D24_14            | User IO     |             |      14 |            |      |                     |                      |         |            |           |          |      |                  |              |                   |              |
| N7         |                 | High Range | IO_L20N_T3_D23_14            | User IO     |             |      14 |            |      |                     |                      |         |            |           |          |      |                  |              |                   |              |
| N8         |                 | High Range | IO_L21P_T3_DQS_14            | User IO     |             |      14 |            |      |                     |                      |         |            |           |          |      |                  |              |                   |              |
| N9         |                 | High Range | IO_L21N_T3_DQS_D22_14        | User IO     |             |      14 |            |      |                     |                      |         |            |           |          |      |                  |              |                   |              |
| N10        |                 | High Range | IO_L15P_T2_DQS_RDWR_B_14     | User IO     |             |      14 |            |      |                     |                      |         |            |           |          |      |                  |              |                   |              |
| N11        |                 | High Range | IO_L15N_T2_DQS_DOUT_CSO_B_14 | User IO     |             |      14 |            |      |                     |                      |         |            |           |          |      |                  |              |                   |              |
| N12        |                 | High Range | IO_L14P_T2_SRCC_14           | User IO     |             |      14 |            |      |                     |                      |         |            |           |          |      |                  |              |                   |              |
| N13        |                 | High Range | IO_L8N_T1_D12_14             | User IO     |             |      14 |            |      |                     |                      |         |            |           |          |      |                  |              |                   |              |
| N14        |                 | High Range | IO_L10P_T1_D14_14            | User IO     |             |      14 |            |      |                     |                      |         |            |           |          |      |                  |              |                   |              |
| N15        |                 | High Range | IO_L10N_T1_D15_14            | User IO     |             |      14 |            |      |                     |                      |         |            |           |          |      |                  |              |                   |              |
| P1         | Data2[0][6]     | High Range | IO_L22P_T3_34                | OUTPUT      | LVCMOS18*   |      34 |         12 | SLOW |                     |            FP_VTT_50 |         | UNFIXED    |           |          |      | NONE             |              |                   |              |
| P2         | Data2[0][1]     | High Range | IO_L24N_T3_34                | OUTPUT      | LVCMOS18*   |      34 |         12 | SLOW |                     |            FP_VTT_50 |         | UNFIXED    |           |          |      | NONE             |              |                   |              |
| P3         | Data2[1][1]     | High Range | IO_L21P_T3_DQS_34            | OUTPUT      | LVCMOS18*   |      34 |         12 | SLOW |                     |            FP_VTT_50 |         | UNFIXED    |           |          |      | NONE             |              |                   |              |
| P4         |                 |            | GND                          | GND         |             |         |            |      |                     |                      |     0.0 |            |           |          |      |                  |              |                   |              |
| P5         |                 | Dedicated  | VCCO_0                       | VCCO        |             |       0 |            |      |                     |                      |   any** |            |           |          |      |                  |              |                   |              |
| P6         |                 | High Range | IO_L23P_T3_D19_14            | User IO     |             |      14 |            |      |                     |                      |         |            |           |          |      |                  |              |                   |              |
| P7         |                 | High Range | IO_L23N_T3_D18_14            | User IO     |             |      14 |            |      |                     |                      |         |            |           |          |      |                  |              |                   |              |
| P8         |                 |            | GND                          | GND         |             |         |            |      |                     |                      |     0.0 |            |           |          |      |                  |              |                   |              |
| P9         |                 | High Range | VCCO_14                      | VCCO        |             |      14 |            |      |                     |                      |    3.30 |            |           |          |      |                  |              |                   |              |
| P10        |                 | High Range | IO_L16P_T2_CSI_B_14          | User IO     |             |      14 |            |      |                     |                      |         |            |           |          |      |                  |              |                   |              |
| P11        |                 | High Range | IO_L16N_T2_D31_14            | User IO     |             |      14 |            |      |                     |                      |         |            |           |          |      |                  |              |                   |              |
| P12        |                 | High Range | IO_L14N_T2_SRCC_14           | User IO     |             |      14 |            |      |                     |                      |         |            |           |          |      |                  |              |                   |              |
| P13        |                 |            | GND                          | GND         |             |         |            |      |                     |                      |     0.0 |            |           |          |      |                  |              |                   |              |
| P14        |                 | High Range | IO_L11P_T1_SRCC_14           | User IO     |             |      14 |            |      |                     |                      |         |            |           |          |      |                  |              |                   |              |
| P15        |                 | High Range | IO_L11N_T1_SRCC_14           | User IO     |             |      14 |            |      |                     |                      |         |            |           |          |      |                  |              |                   |              |
| R1         |                 |            | GND                          | GND         |             |         |            |      |                     |                      |     0.0 |            |           |          |      |                  |              |                   |              |
| R2         | Data2[0][2]     | High Range | IO_L24P_T3_34                | OUTPUT      | LVCMOS18*   |      34 |         12 | SLOW |                     |            FP_VTT_50 |         | UNFIXED    |           |          |      | NONE             |              |                   |              |
| R3         | Data2[0][3]     | High Range | IO_L23N_T3_34                | OUTPUT      | LVCMOS18*   |      34 |         12 | SLOW |                     |            FP_VTT_50 |         | UNFIXED    |           |          |      | NONE             |              |                   |              |
| R4         | Data2[0][4]     | High Range | IO_L23P_T3_34                | OUTPUT      | LVCMOS18*   |      34 |         12 | SLOW |                     |            FP_VTT_50 |         | UNFIXED    |           |          |      | NONE             |              |                   |              |
| R5         |                 | High Range | IO_L24P_T3_D17_14            | User IO     |             |      14 |            |      |                     |                      |         |            |           |          |      |                  |              |                   |              |
| R6         |                 | High Range | IO_L24N_T3_D16_14            | User IO     |             |      14 |            |      |                     |                      |         |            |           |          |      |                  |              |                   |              |
| R7         |                 | High Range | IO_L22P_T3_D21_14            | User IO     |             |      14 |            |      |                     |                      |         |            |           |          |      |                  |              |                   |              |
| R8         |                 | High Range | IO_L22N_T3_D20_14            | User IO     |             |      14 |            |      |                     |                      |         |            |           |          |      |                  |              |                   |              |
| R9         |                 | High Range | IO_L17P_T2_D30_14            | User IO     |             |      14 |            |      |                     |                      |         |            |           |          |      |                  |              |                   |              |
| R10        |                 | High Range | IO_L17N_T2_D29_14            | User IO     |             |      14 |            |      |                     |                      |         |            |           |          |      |                  |              |                   |              |
| R11        |                 | High Range | IO_L18P_T2_D28_14            | User IO     |             |      14 |            |      |                     |                      |         |            |           |          |      |                  |              |                   |              |
| R12        |                 | High Range | IO_L18N_T2_D27_14            | User IO     |             |      14 |            |      |                     |                      |         |            |           |          |      |                  |              |                   |              |
| R13        |                 | High Range | IO_L12P_T1_MRCC_14           | User IO     |             |      14 |            |      |                     |                      |         |            |           |          |      |                  |              |                   |              |
| R14        |                 | High Range | IO_L12N_T1_MRCC_14           | User IO     |             |      14 |            |      |                     |                      |         |            |           |          |      |                  |              |                   |              |
| R15        |                 |            | GND                          | GND         |             |         |            |      |                     |                      |     0.0 |            |           |          |      |                  |              |                   |              |
+------------+-----------------+------------+------------------------------+-------------+-------------+---------+------------+------+---------------------+----------------------+---------+------------+-----------+----------+------+------------------+--------------+-------------------+--------------+
* Default value
** Special VCCO requirements may apply. Please consult the device family datasheet for specific guideline on VCCO requirements.


