Time resolution is 1 ps
Stopped at time : 810 ns : File "/home/y4/Documents/school/cyber-studies/final_project/yuda_assembly/hardware/yuda_assembly01/yuda_assembly01.srcs/sources_1/new/instruction_decoder.sv" Line 237
Stopped at time : 990 ns : File "/home/y4/Documents/school/cyber-studies/final_project/yuda_assembly/hardware/yuda_assembly01/yuda_assembly01.srcs/sources_1/new/instruction_decoder.sv" Line 237
Stopped at time : 990 ns : File "/home/y4/Documents/school/cyber-studies/final_project/yuda_assembly/hardware/yuda_assembly01/yuda_assembly01.srcs/sources_1/new/instruction_decoder.sv" Line 238
Stopped at time : 990 ns : File "/home/y4/Documents/school/cyber-studies/final_project/yuda_assembly/hardware/yuda_assembly01/yuda_assembly01.srcs/sources_1/new/instruction_decoder.sv" Line 239
Stopped at time : 990 ns : File "/home/y4/Documents/school/cyber-studies/final_project/yuda_assembly/hardware/yuda_assembly01/yuda_assembly01.srcs/sources_1/new/instruction_decoder.sv" Line 240
Stopped at time : 990 ns : File "/home/y4/Documents/school/cyber-studies/final_project/yuda_assembly/hardware/yuda_assembly01/yuda_assembly01.srcs/sources_1/new/instruction_decoder.sv" Line 241
Stopped at time : 990 ns : File "/home/y4/Documents/school/cyber-studies/final_project/yuda_assembly/hardware/yuda_assembly01/yuda_assembly01.srcs/sources_1/new/instruction_decoder.sv" Line 242
Stopped at time : 990 ns : File "/home/y4/Documents/school/cyber-studies/final_project/yuda_assembly/hardware/yuda_assembly01/yuda_assembly01.srcs/sources_1/new/instruction_decoder.sv" Line 243
Stopped at time : 990 ns : File "/home/y4/Documents/school/cyber-studies/final_project/yuda_assembly/hardware/yuda_assembly01/yuda_assembly01.srcs/sources_1/new/instruction_decoder.sv" Line 244
Stopped at time : 990 ns : File "/home/y4/Documents/school/cyber-studies/final_project/yuda_assembly/hardware/yuda_assembly01/yuda_assembly01.srcs/sources_1/new/instruction_decoder.sv" Line 245
Stopped at time : 990 ns : File "/home/y4/Documents/school/cyber-studies/final_project/yuda_assembly/hardware/yuda_assembly01/yuda_assembly01.srcs/sources_1/new/instruction_decoder.sv" Line 39
Stopped at time : 990 ns : File "/home/y4/Documents/school/cyber-studies/final_project/yuda_assembly/hardware/yuda_assembly01/yuda_assembly01.srcs/sources_1/new/processor_internals.sv" Line 108
Stopped at time : 990 ns : File "/home/y4/Documents/school/cyber-studies/final_project/yuda_assembly/hardware/yuda_assembly01/yuda_assembly01.srcs/sources_1/new/processor_internals.sv" Line 155
Stopped at time : 990 ns : File "/home/y4/Documents/school/cyber-studies/final_project/yuda_assembly/hardware/yuda_assembly01/yuda_assembly01.srcs/sources_1/new/processor_internals.sv" Line 186
Stopped at time : 990 ns : File "/home/y4/Documents/school/cyber-studies/final_project/yuda_assembly/hardware/yuda_assembly01/yuda_assembly01.srcs/sources_1/new/processor_internals.sv" Line 157
Stopped at time : 990 ns : File "/home/y4/Documents/school/cyber-studies/final_project/yuda_assembly/hardware/yuda_assembly01/yuda_assembly01.srcs/sources_1/new/processor_internals.sv" Line 110
Stopped at time : 990 ns : File "/home/y4/Documents/school/cyber-studies/final_project/yuda_assembly/hardware/yuda_assembly01/yuda_assembly01.srcs/sources_1/new/processor_internals.sv" Line 111
Stopped at time : 990 ns : File "/home/y4/Documents/school/cyber-studies/final_project/yuda_assembly/hardware/yuda_assembly01/yuda_assembly01.srcs/sources_1/new/processor_internals.sv" Line 117
Stopped at time : 990 ns : File "/home/y4/Documents/school/cyber-studies/final_project/yuda_assembly/hardware/yuda_assembly01/yuda_assembly01.srcs/sources_1/new/processor_internals.sv" Line 121
Stopped at time : 990 ns : File "/home/y4/Documents/school/cyber-studies/final_project/yuda_assembly/hardware/yuda_assembly01/yuda_assembly01.srcs/sources_1/new/processor_internals.sv" Line 109
Stopped at time : 990 ns : File "/home/y4/Documents/school/cyber-studies/final_project/yuda_assembly/hardware/yuda_assembly01/yuda_assembly01.srcs/sources_1/new/processor_internals.sv" Line 134
Stopped at time : 990 ns : File "/home/y4/Documents/school/cyber-studies/final_project/yuda_assembly/hardware/yuda_assembly01/yuda_assembly01.srcs/sources_1/new/processor_internals.sv" Line 140
Stopped at time : 990 ns : File "/home/y4/Documents/school/cyber-studies/final_project/yuda_assembly/hardware/yuda_assembly01/yuda_assembly01.srcs/sources_1/new/processor_internals.sv" Line 147
Stopped at time : 990 ns : File "/home/y4/Documents/school/cyber-studies/final_project/yuda_assembly/hardware/yuda_assembly01/yuda_assembly01.srcs/sources_1/new/processor_internals.sv" Line 149
Stopped at time : 990 ns : File "/home/y4/Documents/school/cyber-studies/final_project/yuda_assembly/hardware/yuda_assembly01/yuda_assembly01.srcs/sources_1/new/processor_internals.sv" Line 150
Stopped at time : 990 ns : File "/home/y4/Documents/school/cyber-studies/final_project/yuda_assembly/hardware/yuda_assembly01/yuda_assembly01.srcs/sources_1/new/processor_internals.sv" Line 133
Stopped at time : 990 ns : File "/home/y4/Documents/school/cyber-studies/final_project/yuda_assembly/hardware/yuda_assembly01/yuda_assembly01.srcs/sources_1/new/ALU.sv" Line 111
Stopped at time : 990 ns : File "/home/y4/Documents/school/cyber-studies/final_project/yuda_assembly/hardware/yuda_assembly01/yuda_assembly01.srcs/sources_1/new/ALU.sv" Line 113
Stopped at time : 990 ns : File "/home/y4/Documents/school/cyber-studies/final_project/yuda_assembly/hardware/yuda_assembly01/yuda_assembly01.srcs/sources_1/new/ALU.sv" Line 116
Stopped at time : 990 ns : File "/home/y4/Documents/school/cyber-studies/final_project/yuda_assembly/hardware/yuda_assembly01/yuda_assembly01.srcs/sources_1/new/ALU.sv" Line 118
Stopped at time : 990 ns : File "/home/y4/Documents/school/cyber-studies/final_project/yuda_assembly/hardware/yuda_assembly01/yuda_assembly01.srcs/sources_1/new/ALU.sv" Line 110
Stopped at time : 990 ns : File "/home/y4/Documents/school/cyber-studies/final_project/yuda_assembly/hardware/yuda_assembly01/yuda_assembly01.srcs/sources_1/new/register_file.sv" Line 47
Stopped at time : 990 ns : File "/home/y4/Documents/school/cyber-studies/final_project/yuda_assembly/hardware/yuda_assembly01/yuda_assembly01.srcs/sources_1/new/register_file.sv" Line 49
Stopped at time : 990 ns : File "/home/y4/Documents/school/cyber-studies/final_project/yuda_assembly/hardware/yuda_assembly01/yuda_assembly01.srcs/sources_1/new/register_file.sv" Line 53
Stopped at time : 990 ns : File "/home/y4/Documents/school/cyber-studies/final_project/yuda_assembly/hardware/yuda_assembly01/yuda_assembly01.srcs/sources_1/new/register_file.sv" Line 46
Stopped at time : 990 ns : File "/home/y4/Documents/school/cyber-studies/final_project/yuda_assembly/hardware/yuda_assembly01/yuda_assembly01.srcs/sources_1/new/ALU.sv" Line 97
Stopped at time : 990 ns : File "/home/y4/Documents/school/cyber-studies/final_project/yuda_assembly/hardware/yuda_assembly01/yuda_assembly01.srcs/sources_1/new/ALU.sv" Line 27
Stopped at time : 990 ns : File "/home/y4/Documents/school/cyber-studies/final_project/yuda_assembly/hardware/yuda_assembly01/yuda_assembly01.srcs/sources_1/new/ALU.sv" Line 28
Stopped at time : 990 ns : File "/home/y4/Documents/school/cyber-studies/final_project/yuda_assembly/hardware/yuda_assembly01/yuda_assembly01.srcs/sources_1/new/ALU.sv" Line 29
Stopped at time : 990 ns : File "/home/y4/Documents/school/cyber-studies/final_project/yuda_assembly/hardware/yuda_assembly01/yuda_assembly01.srcs/sources_1/new/ALU.sv" Line 34
Stopped at time : 990 ns : File "/home/y4/Documents/school/cyber-studies/final_project/yuda_assembly/hardware/yuda_assembly01/yuda_assembly01.srcs/sources_1/new/ALU.sv" Line 35
Stopped at time : 990 ns : File "/home/y4/Documents/school/cyber-studies/final_project/yuda_assembly/hardware/yuda_assembly01/yuda_assembly01.srcs/sources_1/new/ALU.sv" Line 39
Stopped at time : 990 ns : File "/home/y4/Documents/school/cyber-studies/final_project/yuda_assembly/hardware/yuda_assembly01/yuda_assembly01.srcs/sources_1/new/ALU.sv" Line 40
Stopped at time : 990 ns : File "/home/y4/Documents/school/cyber-studies/final_project/yuda_assembly/hardware/yuda_assembly01/yuda_assembly01.srcs/sources_1/new/ALU.sv" Line 41
Stopped at time : 990 ns : File "/home/y4/Documents/school/cyber-studies/final_project/yuda_assembly/hardware/yuda_assembly01/yuda_assembly01.srcs/sources_1/new/ALU.sv" Line 46
Stopped at time : 990 ns : File "/home/y4/Documents/school/cyber-studies/final_project/yuda_assembly/hardware/yuda_assembly01/yuda_assembly01.srcs/sources_1/new/ALU.sv" Line 47
Stopped at time : 990 ns : File "/home/y4/Documents/school/cyber-studies/final_project/yuda_assembly/hardware/yuda_assembly01/yuda_assembly01.srcs/sources_1/new/ALU.sv" Line 51
Stopped at time : 990 ns : File "/home/y4/Documents/school/cyber-studies/final_project/yuda_assembly/hardware/yuda_assembly01/yuda_assembly01.srcs/sources_1/new/ALU.sv" Line 52
Stopped at time : 990 ns : File "/home/y4/Documents/school/cyber-studies/final_project/yuda_assembly/hardware/yuda_assembly01/yuda_assembly01.srcs/sources_1/new/ALU.sv" Line 53
Stopped at time : 990 ns : File "/home/y4/Documents/school/cyber-studies/final_project/yuda_assembly/hardware/yuda_assembly01/yuda_assembly01.srcs/sources_1/new/ALU.sv" Line 58
Stopped at time : 990 ns : File "/home/y4/Documents/school/cyber-studies/final_project/yuda_assembly/hardware/yuda_assembly01/yuda_assembly01.srcs/sources_1/new/ALU.sv" Line 59
Stopped at time : 990 ns : File "/home/y4/Documents/school/cyber-studies/final_project/yuda_assembly/hardware/yuda_assembly01/yuda_assembly01.srcs/sources_1/new/ALU.sv" Line 25
Stopped at time : 990 ns : File "/home/y4/Documents/school/cyber-studies/final_project/yuda_assembly/hardware/yuda_assembly01/yuda_assembly01.srcs/sources_1/new/ALU.sv" Line 27
Stopped at time : 990 ns : File "/home/y4/Documents/school/cyber-studies/final_project/yuda_assembly/hardware/yuda_assembly01/yuda_assembly01.srcs/sources_1/new/ALU.sv" Line 28
Stopped at time : 990 ns : File "/home/y4/Documents/school/cyber-studies/final_project/yuda_assembly/hardware/yuda_assembly01/yuda_assembly01.srcs/sources_1/new/ALU.sv" Line 29
Stopped at time : 990 ns : File "/home/y4/Documents/school/cyber-studies/final_project/yuda_assembly/hardware/yuda_assembly01/yuda_assembly01.srcs/sources_1/new/ALU.sv" Line 34
Stopped at time : 990 ns : File "/home/y4/Documents/school/cyber-studies/final_project/yuda_assembly/hardware/yuda_assembly01/yuda_assembly01.srcs/sources_1/new/ALU.sv" Line 35
Stopped at time : 990 ns : File "/home/y4/Documents/school/cyber-studies/final_project/yuda_assembly/hardware/yuda_assembly01/yuda_assembly01.srcs/sources_1/new/ALU.sv" Line 39
Stopped at time : 990 ns : File "/home/y4/Documents/school/cyber-studies/final_project/yuda_assembly/hardware/yuda_assembly01/yuda_assembly01.srcs/sources_1/new/ALU.sv" Line 40
Stopped at time : 990 ns : File "/home/y4/Documents/school/cyber-studies/final_project/yuda_assembly/hardware/yuda_assembly01/yuda_assembly01.srcs/sources_1/new/ALU.sv" Line 41
Stopped at time : 990 ns : File "/home/y4/Documents/school/cyber-studies/final_project/yuda_assembly/hardware/yuda_assembly01/yuda_assembly01.srcs/sources_1/new/ALU.sv" Line 46
Stopped at time : 990 ns : File "/home/y4/Documents/school/cyber-studies/final_project/yuda_assembly/hardware/yuda_assembly01/yuda_assembly01.srcs/sources_1/new/ALU.sv" Line 47
Stopped at time : 990 ns : File "/home/y4/Documents/school/cyber-studies/final_project/yuda_assembly/hardware/yuda_assembly01/yuda_assembly01.srcs/sources_1/new/ALU.sv" Line 51
Stopped at time : 990 ns : File "/home/y4/Documents/school/cyber-studies/final_project/yuda_assembly/hardware/yuda_assembly01/yuda_assembly01.srcs/sources_1/new/ALU.sv" Line 52
Stopped at time : 990 ns : File "/home/y4/Documents/school/cyber-studies/final_project/yuda_assembly/hardware/yuda_assembly01/yuda_assembly01.srcs/sources_1/new/ALU.sv" Line 53
Stopped at time : 990 ns : File "/home/y4/Documents/school/cyber-studies/final_project/yuda_assembly/hardware/yuda_assembly01/yuda_assembly01.srcs/sources_1/new/ALU.sv" Line 58
Stopped at time : 990 ns : File "/home/y4/Documents/school/cyber-studies/final_project/yuda_assembly/hardware/yuda_assembly01/yuda_assembly01.srcs/sources_1/new/ALU.sv" Line 59
Stopped at time : 990 ns : File "/home/y4/Documents/school/cyber-studies/final_project/yuda_assembly/hardware/yuda_assembly01/yuda_assembly01.srcs/sources_1/new/ALU.sv" Line 25
Stopped at time : 990 ns : File "/home/y4/Documents/school/cyber-studies/final_project/yuda_assembly/hardware/yuda_assembly01/yuda_assembly01.srcs/sources_1/new/processor_internals.sv" Line 110
Stopped at time : 990 ns : File "/home/y4/Documents/school/cyber-studies/final_project/yuda_assembly/hardware/yuda_assembly01/yuda_assembly01.srcs/sources_1/new/processor_internals.sv" Line 111
Stopped at time : 990 ns : File "/home/y4/Documents/school/cyber-studies/final_project/yuda_assembly/hardware/yuda_assembly01/yuda_assembly01.srcs/sources_1/new/processor_internals.sv" Line 117
Stopped at time : 990 ns : File "/home/y4/Documents/school/cyber-studies/final_project/yuda_assembly/hardware/yuda_assembly01/yuda_assembly01.srcs/sources_1/new/processor_internals.sv" Line 121
Stopped at time : 990 ns : File "/home/y4/Documents/school/cyber-studies/final_project/yuda_assembly/hardware/yuda_assembly01/yuda_assembly01.srcs/sources_1/new/processor_internals.sv" Line 109
Stopped at time : 990 ns : File "/home/y4/Documents/school/cyber-studies/final_project/yuda_assembly/hardware/yuda_assembly01/yuda_assembly01.srcs/sources_1/new/processor_internals.sv" Line 134
Stopped at time : 990 ns : File "/home/y4/Documents/school/cyber-studies/final_project/yuda_assembly/hardware/yuda_assembly01/yuda_assembly01.srcs/sources_1/new/processor_internals.sv" Line 140
Stopped at time : 990 ns : File "/home/y4/Documents/school/cyber-studies/final_project/yuda_assembly/hardware/yuda_assembly01/yuda_assembly01.srcs/sources_1/new/processor_internals.sv" Line 147
Stopped at time : 990 ns : File "/home/y4/Documents/school/cyber-studies/final_project/yuda_assembly/hardware/yuda_assembly01/yuda_assembly01.srcs/sources_1/new/processor_internals.sv" Line 149
Stopped at time : 990 ns : File "/home/y4/Documents/school/cyber-studies/final_project/yuda_assembly/hardware/yuda_assembly01/yuda_assembly01.srcs/sources_1/new/processor_internals.sv" Line 150
Stopped at time : 990 ns : File "/home/y4/Documents/school/cyber-studies/final_project/yuda_assembly/hardware/yuda_assembly01/yuda_assembly01.srcs/sources_1/new/processor_internals.sv" Line 133
Stopped at time : 990 ns : File "/home/y4/Documents/school/cyber-studies/final_project/yuda_assembly/hardware/yuda_assembly01/yuda_assembly01.srcs/sources_1/new/ALU.sv" Line 111
Stopped at time : 990 ns : File "/home/y4/Documents/school/cyber-studies/final_project/yuda_assembly/hardware/yuda_assembly01/yuda_assembly01.srcs/sources_1/new/ALU.sv" Line 113
Stopped at time : 990 ns : File "/home/y4/Documents/school/cyber-studies/final_project/yuda_assembly/hardware/yuda_assembly01/yuda_assembly01.srcs/sources_1/new/ALU.sv" Line 116
Stopped at time : 990 ns : File "/home/y4/Documents/school/cyber-studies/final_project/yuda_assembly/hardware/yuda_assembly01/yuda_assembly01.srcs/sources_1/new/ALU.sv" Line 118
Stopped at time : 990 ns : File "/home/y4/Documents/school/cyber-studies/final_project/yuda_assembly/hardware/yuda_assembly01/yuda_assembly01.srcs/sources_1/new/ALU.sv" Line 110
Stopped at time : 990 ns : File "/home/y4/Documents/school/cyber-studies/final_project/yuda_assembly/hardware/yuda_assembly01/yuda_assembly01.srcs/sources_1/new/ALU.sv" Line 27
Stopped at time : 990 ns : File "/home/y4/Documents/school/cyber-studies/final_project/yuda_assembly/hardware/yuda_assembly01/yuda_assembly01.srcs/sources_1/new/ALU.sv" Line 28
Stopped at time : 990 ns : File "/home/y4/Documents/school/cyber-studies/final_project/yuda_assembly/hardware/yuda_assembly01/yuda_assembly01.srcs/sources_1/new/ALU.sv" Line 29
Stopped at time : 990 ns : File "/home/y4/Documents/school/cyber-studies/final_project/yuda_assembly/hardware/yuda_assembly01/yuda_assembly01.srcs/sources_1/new/ALU.sv" Line 30
Stopped at time : 990 ns : File "/home/y4/Documents/school/cyber-studies/final_project/yuda_assembly/hardware/yuda_assembly01/yuda_assembly01.srcs/sources_1/new/ALU.sv" Line 31
Stopped at time : 990 ns : File "/home/y4/Documents/school/cyber-studies/final_project/yuda_assembly/hardware/yuda_assembly01/yuda_assembly01.srcs/sources_1/new/ALU.sv" Line 39
Stopped at time : 990 ns : File "/home/y4/Documents/school/cyber-studies/final_project/yuda_assembly/hardware/yuda_assembly01/yuda_assembly01.srcs/sources_1/new/ALU.sv" Line 40
Stopped at time : 990 ns : File "/home/y4/Documents/school/cyber-studies/final_project/yuda_assembly/hardware/yuda_assembly01/yuda_assembly01.srcs/sources_1/new/ALU.sv" Line 41
Stopped at time : 990 ns : File "/home/y4/Documents/school/cyber-studies/final_project/yuda_assembly/hardware/yuda_assembly01/yuda_assembly01.srcs/sources_1/new/ALU.sv" Line 42
Stopped at time : 990 ns : File "/home/y4/Documents/school/cyber-studies/final_project/yuda_assembly/hardware/yuda_assembly01/yuda_assembly01.srcs/sources_1/new/ALU.sv" Line 43
Stopped at time : 990 ns : File "/home/y4/Documents/school/cyber-studies/final_project/yuda_assembly/hardware/yuda_assembly01/yuda_assembly01.srcs/sources_1/new/ALU.sv" Line 51
Stopped at time : 990 ns : File "/home/y4/Documents/school/cyber-studies/final_project/yuda_assembly/hardware/yuda_assembly01/yuda_assembly01.srcs/sources_1/new/ALU.sv" Line 52
Stopped at time : 990 ns : File "/home/y4/Documents/school/cyber-studies/final_project/yuda_assembly/hardware/yuda_assembly01/yuda_assembly01.srcs/sources_1/new/ALU.sv" Line 53
Stopped at time : 990 ns : File "/home/y4/Documents/school/cyber-studies/final_project/yuda_assembly/hardware/yuda_assembly01/yuda_assembly01.srcs/sources_1/new/ALU.sv" Line 54
Stopped at time : 990 ns : File "/home/y4/Documents/school/cyber-studies/final_project/yuda_assembly/hardware/yuda_assembly01/yuda_assembly01.srcs/sources_1/new/ALU.sv" Line 55
Stopped at time : 990 ns : File "/home/y4/Documents/school/cyber-studies/final_project/yuda_assembly/hardware/yuda_assembly01/yuda_assembly01.srcs/sources_1/new/ALU.sv" Line 25
Stopped at time : 990 ns : File "/home/y4/Documents/school/cyber-studies/final_project/yuda_assembly/hardware/yuda_assembly01/yuda_assembly01.srcs/sources_1/new/ALU.sv" Line 23
Stopped at time : 990 ns : File "/home/y4/Documents/school/cyber-studies/final_project/yuda_assembly/hardware/yuda_assembly01/yuda_assembly01.srcs/sources_1/new/ALU.sv" Line 111
Stopped at time : 990 ns : File "/home/y4/Documents/school/cyber-studies/final_project/yuda_assembly/hardware/yuda_assembly01/yuda_assembly01.srcs/sources_1/new/ALU.sv" Line 113
Stopped at time : 990 ns : File "/home/y4/Documents/school/cyber-studies/final_project/yuda_assembly/hardware/yuda_assembly01/yuda_assembly01.srcs/sources_1/new/ALU.sv" Line 116
Stopped at time : 990 ns : File "/home/y4/Documents/school/cyber-studies/final_project/yuda_assembly/hardware/yuda_assembly01/yuda_assembly01.srcs/sources_1/new/ALU.sv" Line 118
Stopped at time : 990 ns : File "/home/y4/Documents/school/cyber-studies/final_project/yuda_assembly/hardware/yuda_assembly01/yuda_assembly01.srcs/sources_1/new/ALU.sv" Line 110
Stopped at time : 990 ns : File "/home/y4/Documents/school/cyber-studies/final_project/yuda_assembly/hardware/yuda_assembly01/yuda_assembly01.srcs/sources_1/new/ALU.sv" Line 91
Stopped at time : 990 ns : File "/home/y4/Documents/school/cyber-studies/final_project/yuda_assembly/hardware/yuda_assembly01/yuda_assembly01.srcs/sources_1/new/ALU.sv" Line 90
Stopped at time : 1020 ns : File "/home/y4/Documents/school/cyber-studies/final_project/yuda_assembly/hardware/yuda_assembly01/yuda_assembly01.srcs/sim_1/new/processor_internals_tb.sv" Line 116
Stopped at time : 1020 ns : File "/home/y4/Documents/school/cyber-studies/final_project/yuda_assembly/hardware/yuda_assembly01/yuda_assembly01.srcs/sim_1/new/processor_internals_tb.sv" Line 117
Stopped at time : 1020 ns : File "/home/y4/Documents/school/cyber-studies/final_project/yuda_assembly/hardware/yuda_assembly01/yuda_assembly01.srcs/sim_1/new/processor_internals_tb.sv" Line 111
Stopped at time : 1020 ns : File "/home/y4/Documents/school/cyber-studies/final_project/yuda_assembly/hardware/yuda_assembly01/yuda_assembly01.srcs/sim_1/new/processor_internals_tb.sv" Line 111
Stopped at time : 1020 ns : File "/home/y4/Documents/school/cyber-studies/final_project/yuda_assembly/hardware/yuda_assembly01/yuda_assembly01.srcs/sim_1/new/processor_internals_tb.sv" Line 112
Stopped at time : 1050 ns : File "/home/y4/Documents/school/cyber-studies/final_project/yuda_assembly/hardware/yuda_assembly01/yuda_assembly01.srcs/sim_1/new/processor_internals_tb.sv" Line 113
Stopped at time : 1050 ns : File "/home/y4/Documents/school/cyber-studies/final_project/yuda_assembly/hardware/yuda_assembly01/yuda_assembly01.srcs/sim_1/new/processor_internals_tb.sv" Line 114
Stopped at time : 1050 ns : File "/home/y4/Documents/school/cyber-studies/final_project/yuda_assembly/hardware/yuda_assembly01/yuda_assembly01.srcs/sim_1/new/processor_internals_tb.sv" Line 115
Stopped at time : 1050 ns : File "/home/y4/Documents/school/cyber-studies/final_project/yuda_assembly/hardware/yuda_assembly01/yuda_assembly01.srcs/sources_1/new/register_file.sv" Line 62
Stopped at time : 1050 ns : File "/home/y4/Documents/school/cyber-studies/final_project/yuda_assembly/hardware/yuda_assembly01/yuda_assembly01.srcs/sources_1/new/register_file.sv" Line 68
Stopped at time : 1050 ns : File "/home/y4/Documents/school/cyber-studies/final_project/yuda_assembly/hardware/yuda_assembly01/yuda_assembly01.srcs/sources_1/new/register_file.sv" Line 71
Stopped at time : 1050 ns : File "/home/y4/Documents/school/cyber-studies/final_project/yuda_assembly/hardware/yuda_assembly01/yuda_assembly01.srcs/sources_1/new/register_file.sv" Line 72
Stopped at time : 1050 ns : File "/home/y4/Documents/school/cyber-studies/final_project/yuda_assembly/hardware/yuda_assembly01/yuda_assembly01.srcs/sources_1/new/register_file.sv" Line 75
Stopped at time : 1050 ns : File "/home/y4/Documents/school/cyber-studies/final_project/yuda_assembly/hardware/yuda_assembly01/yuda_assembly01.srcs/sources_1/new/register_file.sv" Line 76
Stopped at time : 1050 ns : File "/home/y4/Documents/school/cyber-studies/final_project/yuda_assembly/hardware/yuda_assembly01/yuda_assembly01.srcs/sources_1/new/register_file.sv" Line 78
Stopped at time : 1050 ns : File "/home/y4/Documents/school/cyber-studies/final_project/yuda_assembly/hardware/yuda_assembly01/yuda_assembly01.srcs/sources_1/new/register_file.sv" Line 83
Stopped at time : 1050 ns : File "/home/y4/Documents/school/cyber-studies/final_project/yuda_assembly/hardware/yuda_assembly01/yuda_assembly01.srcs/sources_1/new/register_file.sv" Line 61
Stopped at time : 1050 ns : File "/home/y4/Documents/school/cyber-studies/final_project/yuda_assembly/hardware/yuda_assembly01/yuda_assembly01.srcs/sources_1/new/processor_internals.sv" Line 164
Stopped at time : 1050 ns : File "/home/y4/Documents/school/cyber-studies/final_project/yuda_assembly/hardware/yuda_assembly01/yuda_assembly01.srcs/sources_1/new/processor_internals.sv" Line 168
Stopped at time : 1050 ns : File "/home/y4/Documents/school/cyber-studies/final_project/yuda_assembly/hardware/yuda_assembly01/yuda_assembly01.srcs/sources_1/new/processor_internals.sv" Line 169
Stopped at time : 1050 ns : File "/home/y4/Documents/school/cyber-studies/final_project/yuda_assembly/hardware/yuda_assembly01/yuda_assembly01.srcs/sources_1/new/processor_internals.sv" Line 163
Stopped at time : 1050 ns : File "/home/y4/Documents/school/cyber-studies/final_project/yuda_assembly/hardware/yuda_assembly01/yuda_assembly01.srcs/sources_1/new/register_file.sv" Line 35
Stopped at time : 1050 ns : File "/home/y4/Documents/school/cyber-studies/final_project/yuda_assembly/hardware/yuda_assembly01/yuda_assembly01.srcs/sources_1/new/processor_internals.sv" Line 175
Stopped at time : 1050 ns : File "/home/y4/Documents/school/cyber-studies/final_project/yuda_assembly/hardware/yuda_assembly01/yuda_assembly01.srcs/sources_1/new/processor_internals.sv" Line 126
Stopped at time : 1170 ns : File "/home/y4/Documents/school/cyber-studies/final_project/yuda_assembly/hardware/yuda_assembly01/yuda_assembly01.srcs/sources_1/new/register_file.sv" Line 76
Stopped at time : 1170 ns : File "/home/y4/Documents/school/cyber-studies/final_project/yuda_assembly/hardware/yuda_assembly01/yuda_assembly01.srcs/sources_1/new/register_file.sv" Line 78
