INFO: [VRFC 10-2263] Analyzing SystemVerilog file "/home/y4/Documents/school/cyber-studies/final_project/yuda_assembly/hardware/yuda_assembly01/yuda_assembly01.srcs/sources_1/new/ALU.sv" into library xil_defaultlib
INFO: [VRFC 10-311] analyzing module adder
INFO: [VRFC 10-311] analyzing module ALU
INFO: [VRFC 10-2263] Analyzing SystemVerilog file "/home/y4/Documents/school/cyber-studies/final_project/yuda_assembly/hardware/yuda_assembly01/yuda_assembly01.srcs/sources_1/new/IO_control.sv" into library xil_defaultlib
INFO: [VRFC 10-311] analyzing module IO_control
INFO: [VRFC 10-2263] Analyzing SystemVerilog file "/home/y4/Documents/school/cyber-studies/final_project/yuda_assembly/hardware/yuda_assembly01/yuda_assembly01.srcs/sources_1/imports/Downloads/UART.sv" into library xil_defaultlib
INFO: [VRFC 10-311] analyzing module UART
INFO: [VRFC 10-2263] Analyzing SystemVerilog file "/home/y4/Documents/school/cyber-studies/final_project/yuda_assembly/hardware/yuda_assembly01/yuda_assembly01.srcs/sources_1/new/comparison_checker.sv" into library xil_defaultlib
INFO: [VRFC 10-311] analyzing module comparison_checker
INFO: [VRFC 10-2263] Analyzing SystemVerilog file "/home/y4/Documents/school/cyber-studies/final_project/yuda_assembly/hardware/yuda_assembly01/yuda_assembly01.srcs/sources_1/new/exception_handler.sv" into library xil_defaultlib
INFO: [VRFC 10-311] analyzing module exception_handler
INFO: [VRFC 10-2263] Analyzing SystemVerilog file "/home/y4/Documents/school/cyber-studies/final_project/yuda_assembly/hardware/yuda_assembly01/yuda_assembly01.srcs/sources_1/new/input_output.sv" into library xil_defaultlib
INFO: [VRFC 10-311] analyzing module input_output
INFO: [VRFC 10-2263] Analyzing SystemVerilog file "/home/y4/Documents/school/cyber-studies/final_project/yuda_assembly/hardware/yuda_assembly01/yuda_assembly01.srcs/sources_1/new/instruction_decoder.sv" into library xil_defaultlib
INFO: [VRFC 10-311] analyzing module instruction_decoder
INFO: [VRFC 10-2263] Analyzing SystemVerilog file "/home/y4/Documents/school/cyber-studies/final_project/yuda_assembly/hardware/yuda_assembly01/yuda_assembly01.srcs/sources_1/new/memory_controller.sv" into library xil_defaultlib
INFO: [VRFC 10-311] analyzing module memory_controller
INFO: [VRFC 10-2263] Analyzing SystemVerilog file "/home/y4/Documents/school/cyber-studies/final_project/yuda_assembly/hardware/yuda_assembly01/yuda_assembly01.srcs/sources_1/new/processor_internals.sv" into library xil_defaultlib
INFO: [VRFC 10-311] analyzing module processor_internals
INFO: [VRFC 10-2263] Analyzing SystemVerilog file "/home/y4/Documents/school/cyber-studies/final_project/yuda_assembly/hardware/yuda_assembly01/yuda_assembly01.srcs/sources_1/new/program_loader.sv" into library xil_defaultlib
INFO: [VRFC 10-311] analyzing module program_loader
INFO: [VRFC 10-2263] Analyzing SystemVerilog file "/home/y4/Documents/school/cyber-studies/final_project/yuda_assembly/hardware/yuda_assembly01/yuda_assembly01.srcs/sources_1/new/register_file.sv" into library xil_defaultlib
INFO: [VRFC 10-311] analyzing module register_file
INFO: [VRFC 10-2263] Analyzing SystemVerilog file "/home/y4/Documents/school/cyber-studies/final_project/yuda_assembly/hardware/yuda_assembly01/yuda_assembly01.srcs/sources_1/new/top_level_circuit.sv" into library xil_defaultlib
INFO: [VRFC 10-311] analyzing module top_level_circuit
INFO: [VRFC 10-2263] Analyzing SystemVerilog file "/home/y4/Documents/school/cyber-studies/final_project/yuda_assembly/hardware/yuda_assembly01/yuda_assembly01.srcs/sim_1/new/top_level_tb.sv" into library xil_defaultlib
INFO: [VRFC 10-311] analyzing module top_level_tb
