
*** Running vivado
    with args -log program_loader_test.vds -m64 -product Vivado -mode batch -messageDb vivado.pb -notrace -source program_loader_test.tcl


****** Vivado v2023.2.2 (64-bit)
  **** SW Build 4126759 on Thu Feb  8 23:52:05 MST 2024
  **** IP Build 4126054 on Fri Feb  9 11:39:09 MST 2024
  **** SharedData Build 4115275 on Tue Jan 30 00:40:57 MST 2024
    ** Copyright 1986-2022 Xilinx, Inc. All Rights Reserved.
    ** Copyright 2022-2024 Advanced Micro Devices, Inc. All Rights Reserved.

source program_loader_test.tcl -notrace
create_project: Time (s): cpu = 00:00:06 ; elapsed = 00:00:06 . Memory (MB): peak = 1281.543 ; gain = 18.867 ; free physical = 1721 ; free virtual = 54196
INFO: [IP_Flow 19-234] Refreshing IP repositories
INFO: [IP_Flow 19-1700] Loaded user IP repository '/media/y4/P1/applications02/vivado/arm_processor_ip'.
INFO: [IP_Flow 19-2313] Loaded Vivado IP repository '/home/y4/P1/applications02/vivado/Vivado/2023.2/data/ip'.
WARNING: [IP_Flow 19-1663] Duplicate IP found for 'Arm.com:user:DAPLink_to_Arty_shield:1.0'. The one found in IP location '/media/y4/P1/applications02/vivado/arm_processor_ip/AT426-r0p1-00rel0-1/AT426-BU-98000-r0p1-00rel0/vivado/Arm_ipi_repository/DAPLink_to_Arty_shield' will take precedence over the same IP in location /media/y4/P1/applications02/vivado/arm_processor_ip/AT472-r0p1-00rel0-1/AT472-BU-98000-r0p1-00rel0/vivado/Arm_ipi_repository/DAPLink_to_Arty_shield
Command: read_checkpoint -auto_incremental -incremental /home/y4/Documents/school/cyber-studies/final_project/yuda_assembly/hardware/yuda_assembly01/yuda_assembly01.srcs/utils_1/imports/synth_1/test_module.dcp
INFO: [Vivado 12-5825] Read reference checkpoint from /home/y4/Documents/school/cyber-studies/final_project/yuda_assembly/hardware/yuda_assembly01/yuda_assembly01.srcs/utils_1/imports/synth_1/test_module.dcp for incremental synthesis
INFO: [Vivado 12-7989] Please ensure there are no constraint changes
Command: synth_design -top program_loader_test -part xc7s25csga225-1
Starting synth_design
Attempting to get a license for feature 'Synthesis' and/or device 'xc7s25'
INFO: [Common 17-349] Got license for feature 'Synthesis' and/or device 'xc7s25'
INFO: [Device 21-403] Loading part xc7s25csga225-1
INFO: [Designutils 20-5440] No compile time benefit to using incremental synthesis; A full resynthesis will be run
INFO: [Designutils 20-4379] Flow is switching to default flow due to incremental criteria not met. If you would like to alter this behaviour and have the flow terminate instead, please set the following parameter config_implementation {autoIncr.Synth.RejectBehavior Terminate}
INFO: [Synth 8-7079] Multithreading enabled for synth_design using a maximum of 4 processes.
INFO: [Synth 8-7078] Launching helper process for spawning children vivado processes
INFO: [Synth 8-7075] Helper process launched with PID 45744
---------------------------------------------------------------------------------
Starting RTL Elaboration : Time (s): cpu = 00:00:03 ; elapsed = 00:00:03 . Memory (MB): peak = 2012.133 ; gain = 405.684 ; free physical = 691 ; free virtual = 53167
---------------------------------------------------------------------------------
INFO: [Synth 8-6157] synthesizing module 'program_loader_test' [/home/y4/Documents/school/cyber-studies/final_project/yuda_assembly/hardware/yuda_assembly01/yuda_assembly01.srcs/sources_1/new/program_loader_test.sv:1]
INFO: [Synth 8-6157] synthesizing module 'program_loader' [/home/y4/Documents/school/cyber-studies/final_project/yuda_assembly/hardware/yuda_assembly01/yuda_assembly01.srcs/sources_1/new/program_loader.sv:4]
WARNING: [Synth 8-6090] variable 'write' is written by both blocking and non-blocking assignments, entire logic could be removed [/home/y4/Documents/school/cyber-studies/final_project/yuda_assembly/hardware/yuda_assembly01/yuda_assembly01.srcs/sources_1/new/program_loader.sv:53]
WARNING: [Synth 8-6090] variable 'write' is written by both blocking and non-blocking assignments, entire logic could be removed [/home/y4/Documents/school/cyber-studies/final_project/yuda_assembly/hardware/yuda_assembly01/yuda_assembly01.srcs/sources_1/new/program_loader.sv:69]
INFO: [Synth 8-6155] done synthesizing module 'program_loader' (0#1) [/home/y4/Documents/school/cyber-studies/final_project/yuda_assembly/hardware/yuda_assembly01/yuda_assembly01.srcs/sources_1/new/program_loader.sv:4]
INFO: [Synth 8-6157] synthesizing module 'UART' [/home/y4/Documents/school/cyber-studies/final_project/yuda_assembly/hardware/yuda_assembly01/yuda_assembly01.srcs/sources_1/imports/Downloads/UART.sv:24]
	Parameter BAUD_RATE bound to: 115200 - type: integer 
	Parameter CLK_FREQ bound to: 12000000 - type: integer 
INFO: [Synth 8-6155] done synthesizing module 'UART' (0#1) [/home/y4/Documents/school/cyber-studies/final_project/yuda_assembly/hardware/yuda_assembly01/yuda_assembly01.srcs/sources_1/imports/Downloads/UART.sv:24]
INFO: [Synth 8-6157] synthesizing module 'memory_controller' [/home/y4/Documents/school/cyber-studies/final_project/yuda_assembly/hardware/yuda_assembly01/yuda_assembly01.srcs/sources_1/new/memory_controller.sv:3]
INFO: [Synth 8-6155] done synthesizing module 'memory_controller' (0#1) [/home/y4/Documents/school/cyber-studies/final_project/yuda_assembly/hardware/yuda_assembly01/yuda_assembly01.srcs/sources_1/new/memory_controller.sv:3]
WARNING: [Synth 8-689] width (32) of port connection 'IP' does not match port width (7) of module 'memory_controller' [/home/y4/Documents/school/cyber-studies/final_project/yuda_assembly/hardware/yuda_assembly01/yuda_assembly01.srcs/sources_1/new/program_loader_test.sv:65]
WARNING: [Synth 8-567] referenced signal 'uart_ready' should be on the sensitivity list [/home/y4/Documents/school/cyber-studies/final_project/yuda_assembly/hardware/yuda_assembly01/yuda_assembly01.srcs/sources_1/new/program_loader_test.sv:73]
INFO: [Synth 8-6155] done synthesizing module 'program_loader_test' (0#1) [/home/y4/Documents/school/cyber-studies/final_project/yuda_assembly/hardware/yuda_assembly01/yuda_assembly01.srcs/sources_1/new/program_loader_test.sv:1]
WARNING: [Synth 8-3848] Net led[3] in module/entity program_loader_test does not have driver. [/home/y4/Documents/school/cyber-studies/final_project/yuda_assembly/hardware/yuda_assembly01/yuda_assembly01.srcs/sources_1/new/program_loader_test.sv:6]
WARNING: [Synth 8-3848] Net led[2] in module/entity program_loader_test does not have driver. [/home/y4/Documents/school/cyber-studies/final_project/yuda_assembly/hardware/yuda_assembly01/yuda_assembly01.srcs/sources_1/new/program_loader_test.sv:6]
WARNING: [Synth 8-7129] Port led[3] in module program_loader_test is either unconnected or has no load
WARNING: [Synth 8-7129] Port led[2] in module program_loader_test is either unconnected or has no load
WARNING: [Synth 8-7129] Port btn[1] in module program_loader_test is either unconnected or has no load
---------------------------------------------------------------------------------
Finished RTL Elaboration : Time (s): cpu = 00:00:05 ; elapsed = 00:00:05 . Memory (MB): peak = 2111.102 ; gain = 504.652 ; free physical = 568 ; free virtual = 53045
---------------------------------------------------------------------------------
---------------------------------------------------------------------------------
Start Handling Custom Attributes
---------------------------------------------------------------------------------
---------------------------------------------------------------------------------
Finished Handling Custom Attributes : Time (s): cpu = 00:00:05 ; elapsed = 00:00:05 . Memory (MB): peak = 2125.945 ; gain = 519.496 ; free physical = 568 ; free virtual = 53045
---------------------------------------------------------------------------------
---------------------------------------------------------------------------------
Finished RTL Optimization Phase 1 : Time (s): cpu = 00:00:05 ; elapsed = 00:00:05 . Memory (MB): peak = 2125.945 ; gain = 519.496 ; free physical = 568 ; free virtual = 53045
---------------------------------------------------------------------------------
Netlist sorting complete. Time (s): cpu = 00:00:00.01 ; elapsed = 00:00:00.01 . Memory (MB): peak = 2125.945 ; gain = 0.000 ; free physical = 568 ; free virtual = 53045
INFO: [Project 1-570] Preparing netlist for logic optimization

Processing XDC Constraints
Initializing timing engine
Parsing XDC File [/home/y4/Documents/school/cyber-studies/final_project/yuda_assembly/hardware/yuda_assembly01/yuda_assembly01.srcs/constrs_1/Cmod-S7-25-Master.xdc]
Finished Parsing XDC File [/home/y4/Documents/school/cyber-studies/final_project/yuda_assembly/hardware/yuda_assembly01/yuda_assembly01.srcs/constrs_1/Cmod-S7-25-Master.xdc]
INFO: [Project 1-236] Implementation specific constraints were found while reading constraint file [/home/y4/Documents/school/cyber-studies/final_project/yuda_assembly/hardware/yuda_assembly01/yuda_assembly01.srcs/constrs_1/Cmod-S7-25-Master.xdc]. These constraints will be ignored for synthesis but will be used in implementation. Impacted constraints are listed in the file [.Xil/program_loader_test_propImpl.xdc].
Resolution: To avoid this warning, move constraints listed in [.Xil/program_loader_test_propImpl.xdc] to another XDC file and exclude this new file from synthesis with the used_in_synthesis property (File Properties dialog in GUI) and re-run elaboration/synthesis.
Completed Processing XDC Constraints

Netlist sorting complete. Time (s): cpu = 00:00:00 ; elapsed = 00:00:00 . Memory (MB): peak = 2236.688 ; gain = 0.000 ; free physical = 566 ; free virtual = 53044
INFO: [Project 1-111] Unisim Transformation Summary:
No Unisim elements were transformed.

Constraint Validation Runtime : Time (s): cpu = 00:00:00.01 ; elapsed = 00:00:00 . Memory (MB): peak = 2236.723 ; gain = 0.000 ; free physical = 566 ; free virtual = 53044
INFO: [Designutils 20-5440] No compile time benefit to using incremental synthesis; A full resynthesis will be run
INFO: [Designutils 20-4379] Flow is switching to default flow due to incremental criteria not met. If you would like to alter this behaviour and have the flow terminate instead, please set the following parameter config_implementation {autoIncr.Synth.RejectBehavior Terminate}
---------------------------------------------------------------------------------
Finished Constraint Validation : Time (s): cpu = 00:00:10 ; elapsed = 00:00:10 . Memory (MB): peak = 2236.723 ; gain = 630.273 ; free physical = 556 ; free virtual = 53034
---------------------------------------------------------------------------------
---------------------------------------------------------------------------------
Start Loading Part and Timing Information
---------------------------------------------------------------------------------
Loading part: xc7s25csga225-1
---------------------------------------------------------------------------------
Finished Loading Part and Timing Information : Time (s): cpu = 00:00:10 ; elapsed = 00:00:10 . Memory (MB): peak = 2236.723 ; gain = 630.273 ; free physical = 556 ; free virtual = 53034
---------------------------------------------------------------------------------
---------------------------------------------------------------------------------
Start Applying 'set_property' XDC Constraints
---------------------------------------------------------------------------------
---------------------------------------------------------------------------------
Finished applying 'set_property' XDC Constraints : Time (s): cpu = 00:00:10 ; elapsed = 00:00:10 . Memory (MB): peak = 2236.723 ; gain = 630.273 ; free physical = 556 ; free virtual = 53034
---------------------------------------------------------------------------------
INFO: [Synth 8-802] inferred FSM for state register 'rx_state_reg' in module 'UART'
INFO: [Synth 8-802] inferred FSM for state register 'tx_state_reg' in module 'UART'
---------------------------------------------------------------------------------------------------
                   State |                     New Encoding |                Previous Encoding 
---------------------------------------------------------------------------------------------------
                    IDLE |                            00001 |                              000
               START_BIT |                            00010 |                              001
               DATA_BITS |                            00100 |                              010
                STOP_BIT |                            01000 |                              011
                 CLEANUP |                            10000 |                              100
---------------------------------------------------------------------------------------------------
INFO: [Synth 8-3354] encoded FSM with state register 'rx_state_reg' using encoding 'one-hot' in module 'UART'
---------------------------------------------------------------------------------------------------
                   State |                     New Encoding |                Previous Encoding 
---------------------------------------------------------------------------------------------------
                    IDLE |                              000 |                              000
               START_BIT |                              001 |                              001
               DATA_BITS |                              010 |                              010
                STOP_BIT |                              011 |                              011
                 CLEANUP |                              100 |                              100
---------------------------------------------------------------------------------------------------
INFO: [Synth 8-3354] encoded FSM with state register 'tx_state_reg' using encoding 'sequential' in module 'UART'
WARNING: [Synth 8-327] inferring latch for variable 'listen_reg' [/home/y4/Documents/school/cyber-studies/final_project/yuda_assembly/hardware/yuda_assembly01/yuda_assembly01.srcs/sources_1/new/program_loader_test.sv:31]
---------------------------------------------------------------------------------
Finished RTL Optimization Phase 2 : Time (s): cpu = 00:00:11 ; elapsed = 00:00:11 . Memory (MB): peak = 2236.723 ; gain = 630.273 ; free physical = 545 ; free virtual = 53025
---------------------------------------------------------------------------------
---------------------------------------------------------------------------------
Start RTL Component Statistics 
---------------------------------------------------------------------------------
Detailed RTL Component Info : 
+---Adders : 
	   2 Input   10 Bit       Adders := 1     
	   2 Input    8 Bit       Adders := 1     
	   2 Input    7 Bit       Adders := 2     
	   2 Input    3 Bit       Adders := 2     
	   2 Input    2 Bit       Adders := 1     
+---Registers : 
	               10 Bit    Registers := 1     
	                8 Bit    Registers := 4     
	                7 Bit    Registers := 308   
	                3 Bit    Registers := 2     
	                2 Bit    Registers := 1     
	                1 Bit    Registers := 6     
+---Muxes : 
	   2 Input   10 Bit        Muxes := 1     
	   5 Input   10 Bit        Muxes := 1     
	   2 Input    8 Bit        Muxes := 1     
	   5 Input    8 Bit        Muxes := 1     
	   2 Input    7 Bit        Muxes := 4     
	   5 Input    5 Bit        Muxes := 1     
	   2 Input    5 Bit        Muxes := 6     
	   2 Input    3 Bit        Muxes := 7     
	   5 Input    3 Bit        Muxes := 1     
	   2 Input    1 Bit        Muxes := 104   
	   5 Input    1 Bit        Muxes := 9     
---------------------------------------------------------------------------------
Finished RTL Component Statistics 
---------------------------------------------------------------------------------
---------------------------------------------------------------------------------
Start Part Resource Summary
---------------------------------------------------------------------------------
Part Resources:
DSPs: 80 (col length:40)
BRAMs: 90 (col length: RAMB18 40 RAMB36 20)
---------------------------------------------------------------------------------
Finished Part Resource Summary
---------------------------------------------------------------------------------
---------------------------------------------------------------------------------
Start Cross Boundary and Area Optimization
---------------------------------------------------------------------------------
WARNING: [Synth 8-7080] Parallel synthesis criteria is not met
WARNING: [Synth 8-3917] design program_loader_test has port ja[7] driven by constant 0
WARNING: [Synth 8-3917] design program_loader_test has port ja[6] driven by constant 0
WARNING: [Synth 8-3917] design program_loader_test has port ja[5] driven by constant 0
WARNING: [Synth 8-3917] design program_loader_test has port ja[4] driven by constant 0
WARNING: [Synth 8-3917] design program_loader_test has port ja[3] driven by constant 0
WARNING: [Synth 8-3917] design program_loader_test has port ja[2] driven by constant 0
WARNING: [Synth 8-3917] design program_loader_test has port ja[1] driven by constant 0
WARNING: [Synth 8-3917] design program_loader_test has port ja[0] driven by constant 0
WARNING: [Synth 8-7129] Port led[3] in module program_loader_test is either unconnected or has no load
WARNING: [Synth 8-7129] Port led[2] in module program_loader_test is either unconnected or has no load
WARNING: [Synth 8-7129] Port btn[1] in module program_loader_test is either unconnected or has no load
---------------------------------------------------------------------------------
Finished Cross Boundary and Area Optimization : Time (s): cpu = 00:00:13 ; elapsed = 00:00:13 . Memory (MB): peak = 2236.723 ; gain = 630.273 ; free physical = 542 ; free virtual = 53035
---------------------------------------------------------------------------------
---------------------------------------------------------------------------------
Start Applying XDC Timing Constraints
---------------------------------------------------------------------------------
---------------------------------------------------------------------------------
Finished Applying XDC Timing Constraints : Time (s): cpu = 00:00:16 ; elapsed = 00:00:17 . Memory (MB): peak = 2236.723 ; gain = 630.273 ; free physical = 522 ; free virtual = 53015
---------------------------------------------------------------------------------
---------------------------------------------------------------------------------
Start Timing Optimization
---------------------------------------------------------------------------------
---------------------------------------------------------------------------------
Finished Timing Optimization : Time (s): cpu = 00:00:16 ; elapsed = 00:00:17 . Memory (MB): peak = 2236.723 ; gain = 630.273 ; free physical = 522 ; free virtual = 53015
---------------------------------------------------------------------------------
---------------------------------------------------------------------------------
Start Technology Mapping
---------------------------------------------------------------------------------
---------------------------------------------------------------------------------
Finished Technology Mapping : Time (s): cpu = 00:00:16 ; elapsed = 00:00:17 . Memory (MB): peak = 2236.723 ; gain = 630.273 ; free physical = 522 ; free virtual = 53015
---------------------------------------------------------------------------------
---------------------------------------------------------------------------------
Start IO Insertion
---------------------------------------------------------------------------------
---------------------------------------------------------------------------------
Start Flattening Before IO Insertion
---------------------------------------------------------------------------------
---------------------------------------------------------------------------------
Finished Flattening Before IO Insertion
---------------------------------------------------------------------------------
---------------------------------------------------------------------------------
Start Final Netlist Cleanup
---------------------------------------------------------------------------------
---------------------------------------------------------------------------------
Finished Final Netlist Cleanup
---------------------------------------------------------------------------------
---------------------------------------------------------------------------------
Finished IO Insertion : Time (s): cpu = 00:00:20 ; elapsed = 00:00:20 . Memory (MB): peak = 2236.723 ; gain = 630.273 ; free physical = 539 ; free virtual = 53031
---------------------------------------------------------------------------------
---------------------------------------------------------------------------------
Start Renaming Generated Instances
---------------------------------------------------------------------------------
---------------------------------------------------------------------------------
Finished Renaming Generated Instances : Time (s): cpu = 00:00:20 ; elapsed = 00:00:20 . Memory (MB): peak = 2236.723 ; gain = 630.273 ; free physical = 539 ; free virtual = 53031
---------------------------------------------------------------------------------
---------------------------------------------------------------------------------
Start Rebuilding User Hierarchy
---------------------------------------------------------------------------------
---------------------------------------------------------------------------------
Finished Rebuilding User Hierarchy : Time (s): cpu = 00:00:20 ; elapsed = 00:00:20 . Memory (MB): peak = 2236.723 ; gain = 630.273 ; free physical = 539 ; free virtual = 53031
---------------------------------------------------------------------------------
---------------------------------------------------------------------------------
Start Renaming Generated Ports
---------------------------------------------------------------------------------
---------------------------------------------------------------------------------
Finished Renaming Generated Ports : Time (s): cpu = 00:00:20 ; elapsed = 00:00:20 . Memory (MB): peak = 2236.723 ; gain = 630.273 ; free physical = 539 ; free virtual = 53031
---------------------------------------------------------------------------------
---------------------------------------------------------------------------------
Start Handling Custom Attributes
---------------------------------------------------------------------------------
---------------------------------------------------------------------------------
Finished Handling Custom Attributes : Time (s): cpu = 00:00:20 ; elapsed = 00:00:20 . Memory (MB): peak = 2236.723 ; gain = 630.273 ; free physical = 539 ; free virtual = 53031
---------------------------------------------------------------------------------
---------------------------------------------------------------------------------
Start Renaming Generated Nets
---------------------------------------------------------------------------------
---------------------------------------------------------------------------------
Finished Renaming Generated Nets : Time (s): cpu = 00:00:20 ; elapsed = 00:00:20 . Memory (MB): peak = 2236.723 ; gain = 630.273 ; free physical = 539 ; free virtual = 53031
---------------------------------------------------------------------------------
---------------------------------------------------------------------------------
Start Writing Synthesis Report
---------------------------------------------------------------------------------

Report BlackBoxes: 
+-+--------------+----------+
| |BlackBox name |Instances |
+-+--------------+----------+
+-+--------------+----------+

Report Cell Usage: 
+------+-------+------+
|      |Cell   |Count |
+------+-------+------+
|1     |BUFG   |     1|
|2     |CARRY4 |     2|
|3     |LUT2   |    15|
|4     |LUT3   |    12|
|5     |LUT4   |    14|
|6     |LUT5   |    18|
|7     |LUT6   |    16|
|8     |FDRE   |    65|
|9     |LD     |     1|
|10    |IBUF   |     3|
|11    |OBUF   |    11|
|12    |OBUFT  |     2|
+------+-------+------+
---------------------------------------------------------------------------------
Finished Writing Synthesis Report : Time (s): cpu = 00:00:20 ; elapsed = 00:00:20 . Memory (MB): peak = 2236.723 ; gain = 630.273 ; free physical = 539 ; free virtual = 53031
---------------------------------------------------------------------------------
Synthesis finished with 0 errors, 0 critical warnings and 13 warnings.
Synthesis Optimization Runtime : Time (s): cpu = 00:00:18 ; elapsed = 00:00:19 . Memory (MB): peak = 2236.723 ; gain = 519.496 ; free physical = 538 ; free virtual = 53031
Synthesis Optimization Complete : Time (s): cpu = 00:00:20 ; elapsed = 00:00:20 . Memory (MB): peak = 2236.723 ; gain = 630.273 ; free physical = 538 ; free virtual = 53031
INFO: [Project 1-571] Translating synthesized netlist
Netlist sorting complete. Time (s): cpu = 00:00:00 ; elapsed = 00:00:00 . Memory (MB): peak = 2236.723 ; gain = 0.000 ; free physical = 614 ; free virtual = 53106
INFO: [Netlist 29-17] Analyzing 3 Unisim elements for replacement
INFO: [Netlist 29-28] Unisim Transformation completed in 0 CPU seconds
INFO: [Project 1-570] Preparing netlist for logic optimization
INFO: [Opt 31-138] Pushed 0 inverter(s) to 0 load pin(s).
Netlist sorting complete. Time (s): cpu = 00:00:00 ; elapsed = 00:00:00 . Memory (MB): peak = 2236.723 ; gain = 0.000 ; free physical = 823 ; free virtual = 53315
INFO: [Project 1-111] Unisim Transformation Summary:
  A total of 1 instances were transformed.
  LD => LDCE: 1 instance 

Synth Design complete | Checksum: 9338dc1d
INFO: [Common 17-83] Releasing license: Synthesis
36 Infos, 23 Warnings, 0 Critical Warnings and 0 Errors encountered.
synth_design completed successfully
synth_design: Time (s): cpu = 00:00:25 ; elapsed = 00:00:23 . Memory (MB): peak = 2236.723 ; gain = 943.305 ; free physical = 822 ; free virtual = 53315
INFO: [Common 17-2834] synth_design peak Physical Memory [PSS] (MB): overall = 1830.673; main = 1503.610; forked = 375.858
INFO: [Common 17-2834] synth_design peak Virtual Memory [VSS] (MB): overall = 3196.449; main = 2236.691; forked = 975.766
Write ShapeDB Complete: Time (s): cpu = 00:00:00 ; elapsed = 00:00:00 . Memory (MB): peak = 2260.699 ; gain = 0.000 ; free physical = 822 ; free virtual = 53315
INFO: [Common 17-1381] The checkpoint '/home/y4/Documents/school/cyber-studies/final_project/yuda_assembly/hardware/yuda_assembly01/yuda_assembly01.runs/synth_1/program_loader_test.dcp' has been generated.
INFO: [runtcl-4] Executing : report_utilization -file program_loader_test_utilization_synth.rpt -pb program_loader_test_utilization_synth.pb
INFO: [Common 17-206] Exiting Vivado at Fri May 31 13:34:37 2024...
