Copyright 1986-2022 Xilinx, Inc. All Rights Reserved. Copyright 2022-2024 Advanced Micro Devices, Inc. All Rights Reserved.
---------------------------------------------------------------------------------------------------------------------------------------------
| Tool Version : Vivado v.2023.2.2 (lin64) Build 4126759 Thu Feb  8 23:52:05 MST 2024
| Date         : Wed Jun 19 15:33:33 2024
| Host         : BSERVER05 running 64-bit Linux Mint 21.3
| Command      : report_utilization -file top_level_circuit_utilization_synth.rpt -pb top_level_circuit_utilization_synth.pb
| Design       : top_level_circuit
| Device       : xc7s25csga225-1
| Speed File   : -1
| Design State : Synthesized
---------------------------------------------------------------------------------------------------------------------------------------------

Utilization Design Information

Table of Contents
-----------------
1. Slice Logic
1.1 Summary of Registers by Type
2. Memory
3. DSP
4. IO and GT Specific
5. Clocking
6. Specific Feature
7. Primitives
8. Black Boxes
9. Instantiated Netlists

1. Slice Logic
--------------

+-------------------------+------+-------+------------+-----------+-------+
|        Site Type        | Used | Fixed | Prohibited | Available | Util% |
+-------------------------+------+-------+------------+-----------+-------+
| Slice LUTs*             | 1754 |     0 |          0 |     14600 | 12.01 |
|   LUT as Logic          | 1754 |     0 |          0 |     14600 | 12.01 |
|   LUT as Memory         |    0 |     0 |          0 |      5000 |  0.00 |
| Slice Registers         | 2443 |     0 |          0 |     29200 |  8.37 |
|   Register as Flip Flop | 2334 |     0 |          0 |     29200 |  7.99 |
|   Register as Latch     |  109 |     0 |          0 |     29200 |  0.37 |
| F7 Muxes                |  529 |     0 |          0 |      7300 |  7.25 |
| F8 Muxes                |  214 |     0 |          0 |      3650 |  5.86 |
+-------------------------+------+-------+------------+-----------+-------+
* Warning! The Final LUT count, after physical optimizations and full implementation, is typically lower. Run opt_design after synthesis, if not already completed, for a more realistic count.
Warning! LUT value is adjusted to account for LUT combining.


1.1 Summary of Registers by Type
--------------------------------

+-------+--------------+-------------+--------------+
| Total | Clock Enable | Synchronous | Asynchronous |
+-------+--------------+-------------+--------------+
| 0     |            _ |           - |            - |
| 0     |            _ |           - |          Set |
| 0     |            _ |           - |        Reset |
| 0     |            _ |         Set |            - |
| 0     |            _ |       Reset |            - |
| 0     |          Yes |           - |            - |
| 0     |          Yes |           - |          Set |
| 162   |          Yes |           - |        Reset |
| 0     |          Yes |         Set |            - |
| 2281  |          Yes |       Reset |            - |
+-------+--------------+-------------+--------------+


2. Memory
---------

+----------------+------+-------+------------+-----------+-------+
|    Site Type   | Used | Fixed | Prohibited | Available | Util% |
+----------------+------+-------+------------+-----------+-------+
| Block RAM Tile |    0 |     0 |          0 |        45 |  0.00 |
|   RAMB36/FIFO* |    0 |     0 |          0 |        45 |  0.00 |
|   RAMB18       |    0 |     0 |          0 |        90 |  0.00 |
+----------------+------+-------+------------+-----------+-------+
* Note: Each Block RAM Tile only has one FIFO logic available and therefore can accommodate only one FIFO36E1 or one FIFO18E1. However, if a FIFO18E1 occupies a Block RAM Tile, that tile can still accommodate a RAMB18E1


3. DSP
------

+-----------+------+-------+------------+-----------+-------+
| Site Type | Used | Fixed | Prohibited | Available | Util% |
+-----------+------+-------+------------+-----------+-------+
| DSPs      |    0 |     0 |          0 |        80 |  0.00 |
+-----------+------+-------+------------+-----------+-------+


4. IO and GT Specific
---------------------

+-----------------------------+------+-------+------------+-----------+-------+
|          Site Type          | Used | Fixed | Prohibited | Available | Util% |
+-----------------------------+------+-------+------------+-----------+-------+
| Bonded IOB                  |   15 |     0 |          0 |       150 | 10.00 |
| Bonded IPADs                |    0 |     0 |          0 |         2 |  0.00 |
| PHY_CONTROL                 |    0 |     0 |          0 |         3 |  0.00 |
| PHASER_REF                  |    0 |     0 |          0 |         3 |  0.00 |
| OUT_FIFO                    |    0 |     0 |          0 |        12 |  0.00 |
| IN_FIFO                     |    0 |     0 |          0 |        12 |  0.00 |
| IDELAYCTRL                  |    0 |     0 |          0 |         3 |  0.00 |
| IBUFDS                      |    0 |     0 |          0 |       144 |  0.00 |
| PHASER_OUT/PHASER_OUT_PHY   |    0 |     0 |          0 |        12 |  0.00 |
| PHASER_IN/PHASER_IN_PHY     |    0 |     0 |          0 |        12 |  0.00 |
| IDELAYE2/IDELAYE2_FINEDELAY |    0 |     0 |          0 |       150 |  0.00 |
| ILOGIC                      |    0 |     0 |          0 |       150 |  0.00 |
| OLOGIC                      |    0 |     0 |          0 |       150 |  0.00 |
+-----------------------------+------+-------+------------+-----------+-------+


5. Clocking
-----------

+------------+------+-------+------------+-----------+-------+
|  Site Type | Used | Fixed | Prohibited | Available | Util% |
+------------+------+-------+------------+-----------+-------+
| BUFGCTRL   |    2 |     0 |          0 |        32 |  6.25 |
| BUFIO      |    0 |     0 |          0 |        12 |  0.00 |
| MMCME2_ADV |    0 |     0 |          0 |         3 |  0.00 |
| PLLE2_ADV  |    0 |     0 |          0 |         3 |  0.00 |
| BUFMRCE    |    0 |     0 |          0 |         6 |  0.00 |
| BUFHCE     |    0 |     0 |          0 |        48 |  0.00 |
| BUFR       |    0 |     0 |          0 |        12 |  0.00 |
+------------+------+-------+------------+-----------+-------+


6. Specific Feature
-------------------

+-------------+------+-------+------------+-----------+-------+
|  Site Type  | Used | Fixed | Prohibited | Available | Util% |
+-------------+------+-------+------------+-----------+-------+
| BSCANE2     |    0 |     0 |          0 |         4 |  0.00 |
| CAPTUREE2   |    0 |     0 |          0 |         1 |  0.00 |
| DNA_PORT    |    0 |     0 |          0 |         1 |  0.00 |
| EFUSE_USR   |    0 |     0 |          0 |         1 |  0.00 |
| FRAME_ECCE2 |    0 |     0 |          0 |         1 |  0.00 |
| ICAPE2      |    0 |     0 |          0 |         2 |  0.00 |
| STARTUPE2   |    0 |     0 |          0 |         1 |  0.00 |
| XADC        |    0 |     0 |          0 |         1 |  0.00 |
+-------------+------+-------+------------+-----------+-------+


7. Primitives
-------------

+----------+------+---------------------+
| Ref Name | Used | Functional Category |
+----------+------+---------------------+
| FDRE     | 2281 |        Flop & Latch |
| LUT6     | 1402 |                 LUT |
| MUXF7    |  529 |               MuxFx |
| MUXF8    |  214 |               MuxFx |
| LUT5     |  182 |                 LUT |
| LDCE     |  109 |        Flop & Latch |
| LUT3     |  103 |                 LUT |
| LUT4     |   87 |                 LUT |
| LUT2     |   80 |                 LUT |
| FDCE     |   53 |        Flop & Latch |
| LUT1     |   16 |                 LUT |
| OBUF     |   13 |                  IO |
| CARRY4   |    8 |          CarryLogic |
| IBUF     |    2 |                  IO |
| BUFG     |    2 |               Clock |
+----------+------+---------------------+


8. Black Boxes
--------------

+----------+------+
| Ref Name | Used |
+----------+------+


9. Instantiated Netlists
------------------------

+----------+------+
| Ref Name | Used |
+----------+------+


